# project ndn-cxx (0.6.6) configured on Thu Mar 12 17:37:43 2020 by
# waf 2.0.14 (abi 20, python 20710f0 on linux2)
# using ./waf configure
#
----------------------------------------
Setting top to
/home/pi/L3NDNClinic/Bryan/ndn-cxx
----------------------------------------
Setting out to
/home/pi/L3NDNClinic/Bryan/ndn-cxx/build
----------------------------------------
Building static library
no
----------------------------------------
Building shared library
yes
----------------------------------------
Checking for 'g++' (C++ compiler)
find program=['g++', 'c++'] paths=['/usr/local/clang_8.0.0/bin', '/usr/local/sbin', '/usr/local/bin', '/usr/sbin', '/usr/bin', '/sbin', '/bin', '/usr/local/games', '/usr/games'] var='CXX' -> ['clang++']
['clang++', '-dM', '-E', '-']
out: #define _ILP32 1
#define __APCS_32__ 1
#define __ARMEL__ 1
#define __ARM_32BIT_STATE 1
#define __ARM_ACLE 200
#define __ARM_ARCH 7
#define __ARM_ARCH_7A__ 1
#define __ARM_ARCH_ISA_ARM 1
#define __ARM_ARCH_ISA_THUMB 2
#define __ARM_ARCH_PROFILE 'A'
#define __ARM_EABI__ 1
#define __ARM_FEATURE_CLZ 1
#define __ARM_FEATURE_DSP 1
#define __ARM_FEATURE_LDREX 0xf
#define __ARM_FEATURE_QBIT 1
#define __ARM_FEATURE_SAT 1
#define __ARM_FEATURE_SIMD32 1
#define __ARM_FEATURE_UNALIGNED 1
#define __ARM_FP 0xc
#define __ARM_FP16_ARGS 1
#define __ARM_FP16_FORMAT_IEEE 1
#define __ARM_NEON 1
#define __ARM_NEON_FP 0x4
#define __ARM_NEON__ 1
#define __ARM_PCS 1
#define __ARM_PCS_VFP 1
#define __ARM_SIZEOF_MINIMAL_ENUM 4
#define __ARM_SIZEOF_WCHAR_T 4
#define __ARM_VFPV3__ 1
#define __ATOMIC_ACQUIRE 2
#define __ATOMIC_ACQ_REL 4
#define __ATOMIC_CONSUME 1
#define __ATOMIC_RELAXED 0
#define __ATOMIC_RELEASE 3
#define __ATOMIC_SEQ_CST 5
#define __BIGGEST_ALIGNMENT__ 8
#define __BYTE_ORDER__ __ORDER_LITTLE_ENDIAN__
#define __CHAR16_TYPE__ unsigned short
#define __CHAR32_TYPE__ unsigned int
#define __CHAR_BIT__ 8
#define __CHAR_UNSIGNED__ 1
#define __CLANG_ATOMIC_BOOL_LOCK_FREE 2
#define __CLANG_ATOMIC_CHAR16_T_LOCK_FREE 2
#define __CLANG_ATOMIC_CHAR32_T_LOCK_FREE 2
#define __CLANG_ATOMIC_CHAR_LOCK_FREE 2
#define __CLANG_ATOMIC_INT_LOCK_FREE 2
#define __CLANG_ATOMIC_LLONG_LOCK_FREE 2
#define __CLANG_ATOMIC_LONG_LOCK_FREE 2
#define __CLANG_ATOMIC_POINTER_LOCK_FREE 2
#define __CLANG_ATOMIC_SHORT_LOCK_FREE 2
#define __CLANG_ATOMIC_WCHAR_T_LOCK_FREE 2
#define __CONSTANT_CFSTRINGS__ 1
#define __DBL_DECIMAL_DIG__ 17
#define __DBL_DENORM_MIN__ 4.9406564584124654e-324
#define __DBL_DIG__ 15
#define __DBL_EPSILON__ 2.2204460492503131e-16
#define __DBL_HAS_DENORM__ 1
#define __DBL_HAS_INFINITY__ 1
#define __DBL_HAS_QUIET_NAN__ 1
#define __DBL_MANT_DIG__ 53
#define __DBL_MAX_10_EXP__ 308
#define __DBL_MAX_EXP__ 1024
#define __DBL_MAX__ 1.7976931348623157e+308
#define __DBL_MIN_10_EXP__ (-307)
#define __DBL_MIN_EXP__ (-1021)
#define __DBL_MIN__ 2.2250738585072014e-308
#define __DECIMAL_DIG__ __LDBL_DECIMAL_DIG__
#define __ELF__ 1
#define __FINITE_MATH_ONLY__ 0
#define __FLT16_DECIMAL_DIG__ 5
#define __FLT16_DENORM_MIN__ 5.9604644775390625e-8F16
#define __FLT16_DIG__ 3
#define __FLT16_EPSILON__ 9.765625e-4F16
#define __FLT16_HAS_DENORM__ 1
#define __FLT16_HAS_INFINITY__ 1
#define __FLT16_HAS_QUIET_NAN__ 1
#define __FLT16_MANT_DIG__ 11
#define __FLT16_MAX_10_EXP__ 4
#define __FLT16_MAX_EXP__ 15
#define __FLT16_MAX__ 6.5504e+4F16
#define __FLT16_MIN_10_EXP__ (-13)
#define __FLT16_MIN_EXP__ (-14)
#define __FLT16_MIN__ 6.103515625e-5F16
#define __FLT_DECIMAL_DIG__ 9
#define __FLT_DENORM_MIN__ 1.40129846e-45F
#define __FLT_DIG__ 6
#define __FLT_EPSILON__ 1.19209290e-7F
#define __FLT_EVAL_METHOD__ 0
#define __FLT_HAS_DENORM__ 1
#define __FLT_HAS_INFINITY__ 1
#define __FLT_HAS_QUIET_NAN__ 1
#define __FLT_MANT_DIG__ 24
#define __FLT_MAX_10_EXP__ 38
#define __FLT_MAX_EXP__ 128
#define __FLT_MAX__ 3.40282347e+38F
#define __FLT_MIN_10_EXP__ (-37)
#define __FLT_MIN_EXP__ (-125)
#define __FLT_MIN__ 1.17549435e-38F
#define __FLT_RADIX__ 2
#define __GCC_ATOMIC_BOOL_LOCK_FREE 2
#define __GCC_ATOMIC_CHAR16_T_LOCK_FREE 2
#define __GCC_ATOMIC_CHAR32_T_LOCK_FREE 2
#define __GCC_ATOMIC_CHAR_LOCK_FREE 2
#define __GCC_ATOMIC_INT_LOCK_FREE 2
#define __GCC_ATOMIC_LLONG_LOCK_FREE 2
#define __GCC_ATOMIC_LONG_LOCK_FREE 2
#define __GCC_ATOMIC_POINTER_LOCK_FREE 2
#define __GCC_ATOMIC_SHORT_LOCK_FREE 2
#define __GCC_ATOMIC_TEST_AND_SET_TRUEVAL 1
#define __GCC_ATOMIC_WCHAR_T_LOCK_FREE 2
#define __GCC_HAVE_SYNC_COMPARE_AND_SWAP_1 1
#define __GCC_HAVE_SYNC_COMPARE_AND_SWAP_2 1
#define __GCC_HAVE_SYNC_COMPARE_AND_SWAP_4 1
#define __GCC_HAVE_SYNC_COMPARE_AND_SWAP_8 1
#define __GNUC_MINOR__ 2
#define __GNUC_PATCHLEVEL__ 1
#define __GNUC_STDC_INLINE__ 1
#define __GNUC__ 4
#define __GXX_ABI_VERSION 1002
#define __ILP32__ 1
#define __INT16_C_SUFFIX__ 
#define __INT16_FMTd__ "hd"
#define __INT16_FMTi__ "hi"
#define __INT16_MAX__ 32767
#define __INT16_TYPE__ short
#define __INT32_C_SUFFIX__ 
#define __INT32_FMTd__ "d"
#define __INT32_FMTi__ "i"
#define __INT32_MAX__ 2147483647
#define __INT32_TYPE__ int
#define __INT64_C_SUFFIX__ LL
#define __INT64_FMTd__ "lld"
#define __INT64_FMTi__ "lli"
#define __INT64_MAX__ 9223372036854775807LL
#define __INT64_TYPE__ long long int
#define __INT8_C_SUFFIX__ 
#define __INT8_FMTd__ "hhd"
#define __INT8_FMTi__ "hhi"
#define __INT8_MAX__ 127
#define __INT8_TYPE__ signed char
#define __INTMAX_C_SUFFIX__ LL
#define __INTMAX_FMTd__ "lld"
#define __INTMAX_FMTi__ "lli"
#define __INTMAX_MAX__ 9223372036854775807LL
#define __INTMAX_TYPE__ long long int
#define __INTMAX_WIDTH__ 64
#define __INTPTR_FMTd__ "d"
#define __INTPTR_FMTi__ "i"
#define __INTPTR_MAX__ 2147483647
#define __INTPTR_TYPE__ int
#define __INTPTR_WIDTH__ 32
#define __INT_FAST16_FMTd__ "hd"
#define __INT_FAST16_FMTi__ "hi"
#define __INT_FAST16_MAX__ 32767
#define __INT_FAST16_TYPE__ short
#define __INT_FAST32_FMTd__ "d"
#define __INT_FAST32_FMTi__ "i"
#define __INT_FAST32_MAX__ 2147483647
#define __INT_FAST32_TYPE__ int
#define __INT_FAST64_FMTd__ "lld"
#define __INT_FAST64_FMTi__ "lli"
#define __INT_FAST64_MAX__ 9223372036854775807LL
#define __INT_FAST64_TYPE__ long long int
#define __INT_FAST8_FMTd__ "hhd"
#define __INT_FAST8_FMTi__ "hhi"
#define __INT_FAST8_MAX__ 127
#define __INT_FAST8_TYPE__ signed char
#define __INT_LEAST16_FMTd__ "hd"
#define __INT_LEAST16_FMTi__ "hi"
#define __INT_LEAST16_MAX__ 32767
#define __INT_LEAST16_TYPE__ short
#define __INT_LEAST32_FMTd__ "d"
#define __INT_LEAST32_FMTi__ "i"
#define __INT_LEAST32_MAX__ 2147483647
#define __INT_LEAST32_TYPE__ int
#define __INT_LEAST64_FMTd__ "lld"
#define __INT_LEAST64_FMTi__ "lli"
#define __INT_LEAST64_MAX__ 9223372036854775807LL
#define __INT_LEAST64_TYPE__ long long int
#define __INT_LEAST8_FMTd__ "hhd"
#define __INT_LEAST8_FMTi__ "hhi"
#define __INT_LEAST8_MAX__ 127
#define __INT_LEAST8_TYPE__ signed char
#define __INT_MAX__ 2147483647
#define __LDBL_DECIMAL_DIG__ 17
#define __LDBL_DENORM_MIN__ 4.9406564584124654e-324L
#define __LDBL_DIG__ 15
#define __LDBL_EPSILON__ 2.2204460492503131e-16L
#define __LDBL_HAS_DENORM__ 1
#define __LDBL_HAS_INFINITY__ 1
#define __LDBL_HAS_QUIET_NAN__ 1
#define __LDBL_MANT_DIG__ 53
#define __LDBL_MAX_10_EXP__ 308
#define __LDBL_MAX_EXP__ 1024
#define __LDBL_MAX__ 1.7976931348623157e+308L
#define __LDBL_MIN_10_EXP__ (-307)
#define __LDBL_MIN_EXP__ (-1021)
#define __LDBL_MIN__ 2.2250738585072014e-308L
#define __LITTLE_ENDIAN__ 1
#define __LONG_LONG_MAX__ 9223372036854775807LL
#define __LONG_MAX__ 2147483647L
#define __NO_INLINE__ 1
#define __OBJC_BOOL_IS_BOOL 0
#define __OPENCL_MEMORY_SCOPE_ALL_SVM_DEVICES 3
#define __OPENCL_MEMORY_SCOPE_DEVICE 2
#define __OPENCL_MEMORY_SCOPE_SUB_GROUP 4
#define __OPENCL_MEMORY_SCOPE_WORK_GROUP 1
#define __OPENCL_MEMORY_SCOPE_WORK_ITEM 0
#define __ORDER_BIG_ENDIAN__ 4321
#define __ORDER_LITTLE_ENDIAN__ 1234
#define __ORDER_PDP_ENDIAN__ 3412
#define __POINTER_WIDTH__ 32
#define __PRAGMA_REDEFINE_EXTNAME 1
#define __PTRDIFF_FMTd__ "d"
#define __PTRDIFF_FMTi__ "i"
#define __PTRDIFF_MAX__ 2147483647
#define __PTRDIFF_TYPE__ int
#define __PTRDIFF_WIDTH__ 32
#define __REGISTER_PREFIX__ 
#define __SCHAR_MAX__ 127
#define __SHRT_MAX__ 32767
#define __SIG_ATOMIC_MAX__ 2147483647
#define __SIG_ATOMIC_WIDTH__ 32
#define __SIZEOF_DOUBLE__ 8
#define __SIZEOF_FLOAT__ 4
#define __SIZEOF_INT__ 4
#define __SIZEOF_LONG_DOUBLE__ 8
#define __SIZEOF_LONG_LONG__ 8
#define __SIZEOF_LONG__ 4
#define __SIZEOF_POINTER__ 4
#define __SIZEOF_PTRDIFF_T__ 4
#define __SIZEOF_SHORT__ 2
#define __SIZEOF_SIZE_T__ 4
#define __SIZEOF_WCHAR_T__ 4
#define __SIZEOF_WINT_T__ 4
#define __SIZE_FMTX__ "X"
#define __SIZE_FMTo__ "o"
#define __SIZE_FMTu__ "u"
#define __SIZE_FMTx__ "x"
#define __SIZE_MAX__ 4294967295U
#define __SIZE_TYPE__ unsigned int
#define __SIZE_WIDTH__ 32
#define __STDC_HOSTED__ 1
#define __STDC_UTF_16__ 1
#define __STDC_UTF_32__ 1
#define __STDC_VERSION__ 201112L
#define __STDC__ 1
#define __THUMB_INTERWORK__ 1
#define __UINT16_C_SUFFIX__ 
#define __UINT16_FMTX__ "hX"
#define __UINT16_FMTo__ "ho"
#define __UINT16_FMTu__ "hu"
#define __UINT16_FMTx__ "hx"
#define __UINT16_MAX__ 65535
#define __UINT16_TYPE__ unsigned short
#define __UINT32_C_SUFFIX__ U
#define __UINT32_FMTX__ "X"
#define __UINT32_FMTo__ "o"
#define __UINT32_FMTu__ "u"
#define __UINT32_FMTx__ "x"
#define __UINT32_MAX__ 4294967295U
#define __UINT32_TYPE__ unsigned int
#define __UINT64_C_SUFFIX__ ULL
#define __UINT64_FMTX__ "llX"
#define __UINT64_FMTo__ "llo"
#define __UINT64_FMTu__ "llu"
#define __UINT64_FMTx__ "llx"
#define __UINT64_MAX__ 18446744073709551615ULL
#define __UINT64_TYPE__ long long unsigned int
#define __UINT8_C_SUFFIX__ 
#define __UINT8_FMTX__ "hhX"
#define __UINT8_FMTo__ "hho"
#define __UINT8_FMTu__ "hhu"
#define __UINT8_FMTx__ "hhx"
#define __UINT8_MAX__ 255
#define __UINT8_TYPE__ unsigned char
#define __UINTMAX_C_SUFFIX__ ULL
#define __UINTMAX_FMTX__ "llX"
#define __UINTMAX_FMTo__ "llo"
#define __UINTMAX_FMTu__ "llu"
#define __UINTMAX_FMTx__ "llx"
#define __UINTMAX_MAX__ 18446744073709551615ULL
#define __UINTMAX_TYPE__ long long unsigned int
#define __UINTMAX_WIDTH__ 64
#define __UINTPTR_FMTX__ "X"
#define __UINTPTR_FMTo__ "o"
#define __UINTPTR_FMTu__ "u"
#define __UINTPTR_FMTx__ "x"
#define __UINTPTR_MAX__ 4294967295U
#define __UINTPTR_TYPE__ unsigned int
#define __UINTPTR_WIDTH__ 32
#define __UINT_FAST16_FMTX__ "hX"
#define __UINT_FAST16_FMTo__ "ho"
#define __UINT_FAST16_FMTu__ "hu"
#define __UINT_FAST16_FMTx__ "hx"
#define __UINT_FAST16_MAX__ 65535
#define __UINT_FAST16_TYPE__ unsigned short
#define __UINT_FAST32_FMTX__ "X"
#define __UINT_FAST32_FMTo__ "o"
#define __UINT_FAST32_FMTu__ "u"
#define __UINT_FAST32_FMTx__ "x"
#define __UINT_FAST32_MAX__ 4294967295U
#define __UINT_FAST32_TYPE__ unsigned int
#define __UINT_FAST64_FMTX__ "llX"
#define __UINT_FAST64_FMTo__ "llo"
#define __UINT_FAST64_FMTu__ "llu"
#define __UINT_FAST64_FMTx__ "llx"
#define __UINT_FAST64_MAX__ 18446744073709551615ULL
#define __UINT_FAST64_TYPE__ long long unsigned int
#define __UINT_FAST8_FMTX__ "hhX"
#define __UINT_FAST8_FMTo__ "hho"
#define __UINT_FAST8_FMTu__ "hhu"
#define __UINT_FAST8_FMTx__ "hhx"
#define __UINT_FAST8_MAX__ 255
#define __UINT_FAST8_TYPE__ unsigned char
#define __UINT_LEAST16_FMTX__ "hX"
#define __UINT_LEAST16_FMTo__ "ho"
#define __UINT_LEAST16_FMTu__ "hu"
#define __UINT_LEAST16_FMTx__ "hx"
#define __UINT_LEAST16_MAX__ 65535
#define __UINT_LEAST16_TYPE__ unsigned short
#define __UINT_LEAST32_FMTX__ "X"
#define __UINT_LEAST32_FMTo__ "o"
#define __UINT_LEAST32_FMTu__ "u"
#define __UINT_LEAST32_FMTx__ "x"
#define __UINT_LEAST32_MAX__ 4294967295U
#define __UINT_LEAST32_TYPE__ unsigned int
#define __UINT_LEAST64_FMTX__ "llX"
#define __UINT_LEAST64_FMTo__ "llo"
#define __UINT_LEAST64_FMTu__ "llu"
#define __UINT_LEAST64_FMTx__ "llx"
#define __UINT_LEAST64_MAX__ 18446744073709551615ULL
#define __UINT_LEAST64_TYPE__ long long unsigned int
#define __UINT_LEAST8_FMTX__ "hhX"
#define __UINT_LEAST8_FMTo__ "hho"
#define __UINT_LEAST8_FMTu__ "hhu"
#define __UINT_LEAST8_FMTx__ "hhx"
#define __UINT_LEAST8_MAX__ 255
#define __UINT_LEAST8_TYPE__ unsigned char
#define __USER_LABEL_PREFIX__ 
#define __VERSION__ "4.2.1 Compatible Clang 8.0.0 (tags/RELEASE_800/final)"
#define __VFP_FP__ 1
#define __WCHAR_MAX__ 4294967295U
#define __WCHAR_TYPE__ unsigned int
#define __WCHAR_UNSIGNED__ 1
#define __WCHAR_WIDTH__ 32
#define __WINT_MAX__ 4294967295U
#define __WINT_TYPE__ unsigned int
#define __WINT_UNSIGNED__ 1
#define __WINT_WIDTH__ 32
#define __arm 1
#define __arm__ 1
#define __clang__ 1
#define __clang_major__ 8
#define __clang_minor__ 0
#define __clang_patchlevel__ 0
#define __clang_version__ "8.0.0 (tags/RELEASE_800/final)"
#define __gnu_linux__ 1
#define __linux 1
#define __linux__ 1
#define __llvm__ 1
#define __unix 1
#define __unix__ 1
#define linux 1
#define unix 1

from /home/pi/L3NDNClinic/Bryan/ndn-cxx: Could not find gcc/g++ (only Clang), if renamed try eg: CC=gcc48 CXX=g++48 waf configure
not found
----------------------------------------
Checking for 'clang++' (C++ compiler)
find program=['clang++'] paths=['/usr/local/clang_8.0.0/bin', '/usr/local/sbin', '/usr/local/bin', '/usr/sbin', '/usr/bin', '/sbin', '/bin', '/usr/local/games', '/usr/games'] var='CXX' -> ['clang++']
['clang++', '-dM', '-E', '-']
out: #define _ILP32 1
#define __APCS_32__ 1
#define __ARMEL__ 1
#define __ARM_32BIT_STATE 1
#define __ARM_ACLE 200
#define __ARM_ARCH 7
#define __ARM_ARCH_7A__ 1
#define __ARM_ARCH_ISA_ARM 1
#define __ARM_ARCH_ISA_THUMB 2
#define __ARM_ARCH_PROFILE 'A'
#define __ARM_EABI__ 1
#define __ARM_FEATURE_CLZ 1
#define __ARM_FEATURE_DSP 1
#define __ARM_FEATURE_LDREX 0xf
#define __ARM_FEATURE_QBIT 1
#define __ARM_FEATURE_SAT 1
#define __ARM_FEATURE_SIMD32 1
#define __ARM_FEATURE_UNALIGNED 1
#define __ARM_FP 0xc
#define __ARM_FP16_ARGS 1
#define __ARM_FP16_FORMAT_IEEE 1
#define __ARM_NEON 1
#define __ARM_NEON_FP 0x4
#define __ARM_NEON__ 1
#define __ARM_PCS 1
#define __ARM_PCS_VFP 1
#define __ARM_SIZEOF_MINIMAL_ENUM 4
#define __ARM_SIZEOF_WCHAR_T 4
#define __ARM_VFPV3__ 1
#define __ATOMIC_ACQUIRE 2
#define __ATOMIC_ACQ_REL 4
#define __ATOMIC_CONSUME 1
#define __ATOMIC_RELAXED 0
#define __ATOMIC_RELEASE 3
#define __ATOMIC_SEQ_CST 5
#define __BIGGEST_ALIGNMENT__ 8
#define __BYTE_ORDER__ __ORDER_LITTLE_ENDIAN__
#define __CHAR16_TYPE__ unsigned short
#define __CHAR32_TYPE__ unsigned int
#define __CHAR_BIT__ 8
#define __CHAR_UNSIGNED__ 1
#define __CLANG_ATOMIC_BOOL_LOCK_FREE 2
#define __CLANG_ATOMIC_CHAR16_T_LOCK_FREE 2
#define __CLANG_ATOMIC_CHAR32_T_LOCK_FREE 2
#define __CLANG_ATOMIC_CHAR_LOCK_FREE 2
#define __CLANG_ATOMIC_INT_LOCK_FREE 2
#define __CLANG_ATOMIC_LLONG_LOCK_FREE 2
#define __CLANG_ATOMIC_LONG_LOCK_FREE 2
#define __CLANG_ATOMIC_POINTER_LOCK_FREE 2
#define __CLANG_ATOMIC_SHORT_LOCK_FREE 2
#define __CLANG_ATOMIC_WCHAR_T_LOCK_FREE 2
#define __CONSTANT_CFSTRINGS__ 1
#define __DBL_DECIMAL_DIG__ 17
#define __DBL_DENORM_MIN__ 4.9406564584124654e-324
#define __DBL_DIG__ 15
#define __DBL_EPSILON__ 2.2204460492503131e-16
#define __DBL_HAS_DENORM__ 1
#define __DBL_HAS_INFINITY__ 1
#define __DBL_HAS_QUIET_NAN__ 1
#define __DBL_MANT_DIG__ 53
#define __DBL_MAX_10_EXP__ 308
#define __DBL_MAX_EXP__ 1024
#define __DBL_MAX__ 1.7976931348623157e+308
#define __DBL_MIN_10_EXP__ (-307)
#define __DBL_MIN_EXP__ (-1021)
#define __DBL_MIN__ 2.2250738585072014e-308
#define __DECIMAL_DIG__ __LDBL_DECIMAL_DIG__
#define __ELF__ 1
#define __FINITE_MATH_ONLY__ 0
#define __FLT16_DECIMAL_DIG__ 5
#define __FLT16_DENORM_MIN__ 5.9604644775390625e-8F16
#define __FLT16_DIG__ 3
#define __FLT16_EPSILON__ 9.765625e-4F16
#define __FLT16_HAS_DENORM__ 1
#define __FLT16_HAS_INFINITY__ 1
#define __FLT16_HAS_QUIET_NAN__ 1
#define __FLT16_MANT_DIG__ 11
#define __FLT16_MAX_10_EXP__ 4
#define __FLT16_MAX_EXP__ 15
#define __FLT16_MAX__ 6.5504e+4F16
#define __FLT16_MIN_10_EXP__ (-13)
#define __FLT16_MIN_EXP__ (-14)
#define __FLT16_MIN__ 6.103515625e-5F16
#define __FLT_DECIMAL_DIG__ 9
#define __FLT_DENORM_MIN__ 1.40129846e-45F
#define __FLT_DIG__ 6
#define __FLT_EPSILON__ 1.19209290e-7F
#define __FLT_EVAL_METHOD__ 0
#define __FLT_HAS_DENORM__ 1
#define __FLT_HAS_INFINITY__ 1
#define __FLT_HAS_QUIET_NAN__ 1
#define __FLT_MANT_DIG__ 24
#define __FLT_MAX_10_EXP__ 38
#define __FLT_MAX_EXP__ 128
#define __FLT_MAX__ 3.40282347e+38F
#define __FLT_MIN_10_EXP__ (-37)
#define __FLT_MIN_EXP__ (-125)
#define __FLT_MIN__ 1.17549435e-38F
#define __FLT_RADIX__ 2
#define __GCC_ATOMIC_BOOL_LOCK_FREE 2
#define __GCC_ATOMIC_CHAR16_T_LOCK_FREE 2
#define __GCC_ATOMIC_CHAR32_T_LOCK_FREE 2
#define __GCC_ATOMIC_CHAR_LOCK_FREE 2
#define __GCC_ATOMIC_INT_LOCK_FREE 2
#define __GCC_ATOMIC_LLONG_LOCK_FREE 2
#define __GCC_ATOMIC_LONG_LOCK_FREE 2
#define __GCC_ATOMIC_POINTER_LOCK_FREE 2
#define __GCC_ATOMIC_SHORT_LOCK_FREE 2
#define __GCC_ATOMIC_TEST_AND_SET_TRUEVAL 1
#define __GCC_ATOMIC_WCHAR_T_LOCK_FREE 2
#define __GCC_HAVE_SYNC_COMPARE_AND_SWAP_1 1
#define __GCC_HAVE_SYNC_COMPARE_AND_SWAP_2 1
#define __GCC_HAVE_SYNC_COMPARE_AND_SWAP_4 1
#define __GCC_HAVE_SYNC_COMPARE_AND_SWAP_8 1
#define __GNUC_MINOR__ 2
#define __GNUC_PATCHLEVEL__ 1
#define __GNUC_STDC_INLINE__ 1
#define __GNUC__ 4
#define __GXX_ABI_VERSION 1002
#define __ILP32__ 1
#define __INT16_C_SUFFIX__ 
#define __INT16_FMTd__ "hd"
#define __INT16_FMTi__ "hi"
#define __INT16_MAX__ 32767
#define __INT16_TYPE__ short
#define __INT32_C_SUFFIX__ 
#define __INT32_FMTd__ "d"
#define __INT32_FMTi__ "i"
#define __INT32_MAX__ 2147483647
#define __INT32_TYPE__ int
#define __INT64_C_SUFFIX__ LL
#define __INT64_FMTd__ "lld"
#define __INT64_FMTi__ "lli"
#define __INT64_MAX__ 9223372036854775807LL
#define __INT64_TYPE__ long long int
#define __INT8_C_SUFFIX__ 
#define __INT8_FMTd__ "hhd"
#define __INT8_FMTi__ "hhi"
#define __INT8_MAX__ 127
#define __INT8_TYPE__ signed char
#define __INTMAX_C_SUFFIX__ LL
#define __INTMAX_FMTd__ "lld"
#define __INTMAX_FMTi__ "lli"
#define __INTMAX_MAX__ 9223372036854775807LL
#define __INTMAX_TYPE__ long long int
#define __INTMAX_WIDTH__ 64
#define __INTPTR_FMTd__ "d"
#define __INTPTR_FMTi__ "i"
#define __INTPTR_MAX__ 2147483647
#define __INTPTR_TYPE__ int
#define __INTPTR_WIDTH__ 32
#define __INT_FAST16_FMTd__ "hd"
#define __INT_FAST16_FMTi__ "hi"
#define __INT_FAST16_MAX__ 32767
#define __INT_FAST16_TYPE__ short
#define __INT_FAST32_FMTd__ "d"
#define __INT_FAST32_FMTi__ "i"
#define __INT_FAST32_MAX__ 2147483647
#define __INT_FAST32_TYPE__ int
#define __INT_FAST64_FMTd__ "lld"
#define __INT_FAST64_FMTi__ "lli"
#define __INT_FAST64_MAX__ 9223372036854775807LL
#define __INT_FAST64_TYPE__ long long int
#define __INT_FAST8_FMTd__ "hhd"
#define __INT_FAST8_FMTi__ "hhi"
#define __INT_FAST8_MAX__ 127
#define __INT_FAST8_TYPE__ signed char
#define __INT_LEAST16_FMTd__ "hd"
#define __INT_LEAST16_FMTi__ "hi"
#define __INT_LEAST16_MAX__ 32767
#define __INT_LEAST16_TYPE__ short
#define __INT_LEAST32_FMTd__ "d"
#define __INT_LEAST32_FMTi__ "i"
#define __INT_LEAST32_MAX__ 2147483647
#define __INT_LEAST32_TYPE__ int
#define __INT_LEAST64_FMTd__ "lld"
#define __INT_LEAST64_FMTi__ "lli"
#define __INT_LEAST64_MAX__ 9223372036854775807LL
#define __INT_LEAST64_TYPE__ long long int
#define __INT_LEAST8_FMTd__ "hhd"
#define __INT_LEAST8_FMTi__ "hhi"
#define __INT_LEAST8_MAX__ 127
#define __INT_LEAST8_TYPE__ signed char
#define __INT_MAX__ 2147483647
#define __LDBL_DECIMAL_DIG__ 17
#define __LDBL_DENORM_MIN__ 4.9406564584124654e-324L
#define __LDBL_DIG__ 15
#define __LDBL_EPSILON__ 2.2204460492503131e-16L
#define __LDBL_HAS_DENORM__ 1
#define __LDBL_HAS_INFINITY__ 1
#define __LDBL_HAS_QUIET_NAN__ 1
#define __LDBL_MANT_DIG__ 53
#define __LDBL_MAX_10_EXP__ 308
#define __LDBL_MAX_EXP__ 1024
#define __LDBL_MAX__ 1.7976931348623157e+308L
#define __LDBL_MIN_10_EXP__ (-307)
#define __LDBL_MIN_EXP__ (-1021)
#define __LDBL_MIN__ 2.2250738585072014e-308L
#define __LITTLE_ENDIAN__ 1
#define __LONG_LONG_MAX__ 9223372036854775807LL
#define __LONG_MAX__ 2147483647L
#define __NO_INLINE__ 1
#define __OBJC_BOOL_IS_BOOL 0
#define __OPENCL_MEMORY_SCOPE_ALL_SVM_DEVICES 3
#define __OPENCL_MEMORY_SCOPE_DEVICE 2
#define __OPENCL_MEMORY_SCOPE_SUB_GROUP 4
#define __OPENCL_MEMORY_SCOPE_WORK_GROUP 1
#define __OPENCL_MEMORY_SCOPE_WORK_ITEM 0
#define __ORDER_BIG_ENDIAN__ 4321
#define __ORDER_LITTLE_ENDIAN__ 1234
#define __ORDER_PDP_ENDIAN__ 3412
#define __POINTER_WIDTH__ 32
#define __PRAGMA_REDEFINE_EXTNAME 1
#define __PTRDIFF_FMTd__ "d"
#define __PTRDIFF_FMTi__ "i"
#define __PTRDIFF_MAX__ 2147483647
#define __PTRDIFF_TYPE__ int
#define __PTRDIFF_WIDTH__ 32
#define __REGISTER_PREFIX__ 
#define __SCHAR_MAX__ 127
#define __SHRT_MAX__ 32767
#define __SIG_ATOMIC_MAX__ 2147483647
#define __SIG_ATOMIC_WIDTH__ 32
#define __SIZEOF_DOUBLE__ 8
#define __SIZEOF_FLOAT__ 4
#define __SIZEOF_INT__ 4
#define __SIZEOF_LONG_DOUBLE__ 8
#define __SIZEOF_LONG_LONG__ 8
#define __SIZEOF_LONG__ 4
#define __SIZEOF_POINTER__ 4
#define __SIZEOF_PTRDIFF_T__ 4
#define __SIZEOF_SHORT__ 2
#define __SIZEOF_SIZE_T__ 4
#define __SIZEOF_WCHAR_T__ 4
#define __SIZEOF_WINT_T__ 4
#define __SIZE_FMTX__ "X"
#define __SIZE_FMTo__ "o"
#define __SIZE_FMTu__ "u"
#define __SIZE_FMTx__ "x"
#define __SIZE_MAX__ 4294967295U
#define __SIZE_TYPE__ unsigned int
#define __SIZE_WIDTH__ 32
#define __STDC_HOSTED__ 1
#define __STDC_UTF_16__ 1
#define __STDC_UTF_32__ 1
#define __STDC_VERSION__ 201112L
#define __STDC__ 1
#define __THUMB_INTERWORK__ 1
#define __UINT16_C_SUFFIX__ 
#define __UINT16_FMTX__ "hX"
#define __UINT16_FMTo__ "ho"
#define __UINT16_FMTu__ "hu"
#define __UINT16_FMTx__ "hx"
#define __UINT16_MAX__ 65535
#define __UINT16_TYPE__ unsigned short
#define __UINT32_C_SUFFIX__ U
#define __UINT32_FMTX__ "X"
#define __UINT32_FMTo__ "o"
#define __UINT32_FMTu__ "u"
#define __UINT32_FMTx__ "x"
#define __UINT32_MAX__ 4294967295U
#define __UINT32_TYPE__ unsigned int
#define __UINT64_C_SUFFIX__ ULL
#define __UINT64_FMTX__ "llX"
#define __UINT64_FMTo__ "llo"
#define __UINT64_FMTu__ "llu"
#define __UINT64_FMTx__ "llx"
#define __UINT64_MAX__ 18446744073709551615ULL
#define __UINT64_TYPE__ long long unsigned int
#define __UINT8_C_SUFFIX__ 
#define __UINT8_FMTX__ "hhX"
#define __UINT8_FMTo__ "hho"
#define __UINT8_FMTu__ "hhu"
#define __UINT8_FMTx__ "hhx"
#define __UINT8_MAX__ 255
#define __UINT8_TYPE__ unsigned char
#define __UINTMAX_C_SUFFIX__ ULL
#define __UINTMAX_FMTX__ "llX"
#define __UINTMAX_FMTo__ "llo"
#define __UINTMAX_FMTu__ "llu"
#define __UINTMAX_FMTx__ "llx"
#define __UINTMAX_MAX__ 18446744073709551615ULL
#define __UINTMAX_TYPE__ long long unsigned int
#define __UINTMAX_WIDTH__ 64
#define __UINTPTR_FMTX__ "X"
#define __UINTPTR_FMTo__ "o"
#define __UINTPTR_FMTu__ "u"
#define __UINTPTR_FMTx__ "x"
#define __UINTPTR_MAX__ 4294967295U
#define __UINTPTR_TYPE__ unsigned int
#define __UINTPTR_WIDTH__ 32
#define __UINT_FAST16_FMTX__ "hX"
#define __UINT_FAST16_FMTo__ "ho"
#define __UINT_FAST16_FMTu__ "hu"
#define __UINT_FAST16_FMTx__ "hx"
#define __UINT_FAST16_MAX__ 65535
#define __UINT_FAST16_TYPE__ unsigned short
#define __UINT_FAST32_FMTX__ "X"
#define __UINT_FAST32_FMTo__ "o"
#define __UINT_FAST32_FMTu__ "u"
#define __UINT_FAST32_FMTx__ "x"
#define __UINT_FAST32_MAX__ 4294967295U
#define __UINT_FAST32_TYPE__ unsigned int
#define __UINT_FAST64_FMTX__ "llX"
#define __UINT_FAST64_FMTo__ "llo"
#define __UINT_FAST64_FMTu__ "llu"
#define __UINT_FAST64_FMTx__ "llx"
#define __UINT_FAST64_MAX__ 18446744073709551615ULL
#define __UINT_FAST64_TYPE__ long long unsigned int
#define __UINT_FAST8_FMTX__ "hhX"
#define __UINT_FAST8_FMTo__ "hho"
#define __UINT_FAST8_FMTu__ "hhu"
#define __UINT_FAST8_FMTx__ "hhx"
#define __UINT_FAST8_MAX__ 255
#define __UINT_FAST8_TYPE__ unsigned char
#define __UINT_LEAST16_FMTX__ "hX"
#define __UINT_LEAST16_FMTo__ "ho"
#define __UINT_LEAST16_FMTu__ "hu"
#define __UINT_LEAST16_FMTx__ "hx"
#define __UINT_LEAST16_MAX__ 65535
#define __UINT_LEAST16_TYPE__ unsigned short
#define __UINT_LEAST32_FMTX__ "X"
#define __UINT_LEAST32_FMTo__ "o"
#define __UINT_LEAST32_FMTu__ "u"
#define __UINT_LEAST32_FMTx__ "x"
#define __UINT_LEAST32_MAX__ 4294967295U
#define __UINT_LEAST32_TYPE__ unsigned int
#define __UINT_LEAST64_FMTX__ "llX"
#define __UINT_LEAST64_FMTo__ "llo"
#define __UINT_LEAST64_FMTu__ "llu"
#define __UINT_LEAST64_FMTx__ "llx"
#define __UINT_LEAST64_MAX__ 18446744073709551615ULL
#define __UINT_LEAST64_TYPE__ long long unsigned int
#define __UINT_LEAST8_FMTX__ "hhX"
#define __UINT_LEAST8_FMTo__ "hho"
#define __UINT_LEAST8_FMTu__ "hhu"
#define __UINT_LEAST8_FMTx__ "hhx"
#define __UINT_LEAST8_MAX__ 255
#define __UINT_LEAST8_TYPE__ unsigned char
#define __USER_LABEL_PREFIX__ 
#define __VERSION__ "4.2.1 Compatible Clang 8.0.0 (tags/RELEASE_800/final)"
#define __VFP_FP__ 1
#define __WCHAR_MAX__ 4294967295U
#define __WCHAR_TYPE__ unsigned int
#define __WCHAR_UNSIGNED__ 1
#define __WCHAR_WIDTH__ 32
#define __WINT_MAX__ 4294967295U
#define __WINT_TYPE__ unsigned int
#define __WINT_UNSIGNED__ 1
#define __WINT_WIDTH__ 32
#define __arm 1
#define __arm__ 1
#define __clang__ 1
#define __clang_major__ 8
#define __clang_minor__ 0
#define __clang_patchlevel__ 0
#define __clang_version__ "8.0.0 (tags/RELEASE_800/final)"
#define __gnu_linux__ 1
#define __linux 1
#define __linux__ 1
#define __llvm__ 1
#define __unix 1
#define __unix__ 1
#define linux 1
#define unix 1

find program=['llvm-ar', 'ar'] paths=['/usr/local/clang_8.0.0/bin', '/usr/local/sbin', '/usr/local/bin', '/usr/sbin', '/usr/bin', '/sbin', '/bin', '/usr/local/games', '/usr/games'] var='AR' -> ['/usr/local/clang_8.0.0/bin/llvm-ar']
find program=['ar'] paths=['/usr/local/clang_8.0.0/bin', '/usr/local/sbin', '/usr/local/bin', '/usr/sbin', '/usr/bin', '/sbin', '/bin', '/usr/local/games', '/usr/games'] var='AR' -> ['/usr/local/clang_8.0.0/bin/llvm-ar']
clang++
----------------------------------------
Checking C++ compiler version
8.0.0
----------------------------------------
Checking supported CXXFLAGS
==>

int main(int argc, char **argv) {
	(void)argc; (void)argv;
	return 0;
}

<==
[1/2] Compiling [32mbuild/.conf_check_1a984f4a39f604b610d97c87794ba80a/test.cpp[0m

['clang++', '-Werror', '-std=c++14', '../test.cpp', '-c', '-o/home/pi/L3NDNClinic/Bryan/ndn-cxx/build/.conf_check_1a984f4a39f604b610d97c87794ba80a/testbuild/test.cpp.1.o']
[2/2] Linking [33mbuild/.conf_check_1a984f4a39f604b610d97c87794ba80a/testbuild/testprog[0m

['clang++', 'test.cpp.1.o', '-o/home/pi/L3NDNClinic/Bryan/ndn-cxx/build/.conf_check_1a984f4a39f604b610d97c87794ba80a/testbuild/testprog', '-Wl,-Bstatic', '-Wl,-Bdynamic']
-std=c++14
----------------------------------------
Checking supported LINKFLAGS
==>

int main(int argc, char **argv) {
	(void)argc; (void)argv;
	return 0;
}

<==
[1/2] Compiling [32mbuild/.conf_check_0c010de04ee69ce9a7f612a2404177bb/test.cpp[0m

['clang++', '-std=c++14', '../test.cpp', '-c', '-o/home/pi/L3NDNClinic/Bryan/ndn-cxx/build/.conf_check_0c010de04ee69ce9a7f612a2404177bb/testbuild/test.cpp.1.o']
[2/2] Linking [33mbuild/.conf_check_0c010de04ee69ce9a7f612a2404177bb/testbuild/testprog[0m

['clang++', '-Werror', '-fuse-ld=gold', 'test.cpp.1.o', '-o/home/pi/L3NDNClinic/Bryan/ndn-cxx/build/.conf_check_0c010de04ee69ce9a7f612a2404177bb/testbuild/testprog', '-Wl,-Bstatic', '-Wl,-Bdynamic']
-fuse-ld=gold
----------------------------------------
Checking for std::to_string
==>

#include <string>
int
main()
{
  std::string s = std::to_string(0);
  s = std::to_string(0l);
  s = std::to_string(0ll);
  s = std::to_string(0u);
  s = std::to_string(0ul);
  s = std::to_string(0ull);
  s = std::to_string(0.0f);
  s = std::to_string(0.0);
  s = std::to_string(0.0l);
  s.clear();
}

<==
[1/2] Compiling [32mbuild/.conf_check_aa4451cf1d330121f2a9f08b9c1812d3/test.cpp[0m

['clang++', '-std=c++14', '../test.cpp', '-c', '-o/home/pi/L3NDNClinic/Bryan/ndn-cxx/build/.conf_check_aa4451cf1d330121f2a9f08b9c1812d3/testbuild/test.cpp.1.o']
[2/2] Linking [33mbuild/.conf_check_aa4451cf1d330121f2a9f08b9c1812d3/testbuild/testprog[0m

['clang++', '-fuse-ld=gold', 'test.cpp.1.o', '-o/home/pi/L3NDNClinic/Bryan/ndn-cxx/build/.conf_check_aa4451cf1d330121f2a9f08b9c1812d3/testbuild/testprog', '-Wl,-Bstatic', '-Wl,-Bdynamic']
yes
----------------------------------------
Checking for program 'doxygen'
/usr/bin/doxygen
find program=['doxygen'] paths=['/usr/local/clang_8.0.0/bin', '/usr/local/sbin', '/usr/local/bin', '/usr/sbin', '/usr/bin', '/sbin', '/bin', '/usr/local/games', '/usr/games'] var='DOXYGEN' -> ['/usr/bin/doxygen']
----------------------------------------
Checking for program 'tar'
/bin/tar
find program=['tar'] paths=['/usr/local/clang_8.0.0/bin', '/usr/local/sbin', '/usr/local/bin', '/usr/sbin', '/usr/bin', '/sbin', '/bin', '/usr/local/games', '/usr/games'] var='TAR' -> ['/bin/tar']
----------------------------------------
Checking for program 'sphinx-build'
/usr/bin/sphinx-build
find program=['sphinx-build'] paths=['/usr/local/clang_8.0.0/bin', '/usr/local/sbin', '/usr/local/bin', '/usr/sbin', '/usr/bin', '/sbin', '/bin', '/usr/local/games', '/usr/games'] var='SPHINX_BUILD' -> ['/usr/bin/sphinx-build']
----------------------------------------
Checking for program 'sh'
/bin/sh
find program=['sh'] paths=['/usr/local/clang_8.0.0/bin', '/usr/local/sbin', '/usr/local/bin', '/usr/sbin', '/usr/bin', '/sbin', '/bin', '/usr/local/games', '/usr/games'] var='SH' -> ['/bin/sh']
----------------------------------------
Checking for library pthread
==>

int main(int argc, char **argv) {
	(void)argc; (void)argv;
	return 0;
}

<==
[1/2] Compiling [32mbuild/.conf_check_7791cedaed0c035ae4248a98e11cac4e/test.cpp[0m

['clang++', '-std=c++14', '-DHAVE_STD_TO_STRING=1', '../test.cpp', '-c', '-o/home/pi/L3NDNClinic/Bryan/ndn-cxx/build/.conf_check_7791cedaed0c035ae4248a98e11cac4e/testbuild/test.cpp.1.o']
[2/2] Linking [33mbuild/.conf_check_7791cedaed0c035ae4248a98e11cac4e/testbuild/testprog[0m

['clang++', '-fuse-ld=gold', 'test.cpp.1.o', '-o/home/pi/L3NDNClinic/Bryan/ndn-cxx/build/.conf_check_7791cedaed0c035ae4248a98e11cac4e/testbuild/testprog', '-Wl,-Bstatic', '-Wl,-Bdynamic', '-lpthread']
yes
----------------------------------------
Checking for library rt
==>

int main(int argc, char **argv) {
	(void)argc; (void)argv;
	return 0;
}

<==
[1/2] Compiling [32mbuild/.conf_check_7035aa47ba723e13c4d7e129bf6521ac/test.cpp[0m

['clang++', '-std=c++14', '-DHAVE_STD_TO_STRING=1', '-DHAVE_PTHREAD=1', '../test.cpp', '-c', '-o/home/pi/L3NDNClinic/Bryan/ndn-cxx/build/.conf_check_7035aa47ba723e13c4d7e129bf6521ac/testbuild/test.cpp.1.o']
[2/2] Linking [33mbuild/.conf_check_7035aa47ba723e13c4d7e129bf6521ac/testbuild/testprog[0m

['clang++', '-fuse-ld=gold', 'test.cpp.1.o', '-o/home/pi/L3NDNClinic/Bryan/ndn-cxx/build/.conf_check_7035aa47ba723e13c4d7e129bf6521ac/testbuild/testprog', '-Wl,-Bstatic', '-Wl,-Bdynamic', '-lrt']
yes
----------------------------------------
Checking for function getpass
==>
#include <unistd.h>
                               int main() { getpass("Enter password"); }
<==
[1/2] Compiling [32mbuild/.conf_check_4ed3bfe4f0c9fc37e7221562778ed536/test.cpp[0m

['clang++', '-std=c++14', '-DHAVE_STD_TO_STRING=1', '-DHAVE_PTHREAD=1', '-DHAVE_RT=1', '../test.cpp', '-c', '-o/home/pi/L3NDNClinic/Bryan/ndn-cxx/build/.conf_check_4ed3bfe4f0c9fc37e7221562778ed536/testbuild/test.cpp.1.o']
[2/2] Linking [33mbuild/.conf_check_4ed3bfe4f0c9fc37e7221562778ed536/testbuild/testprog[0m

['clang++', '-fuse-ld=gold', 'test.cpp.1.o', '-o/home/pi/L3NDNClinic/Bryan/ndn-cxx/build/.conf_check_4ed3bfe4f0c9fc37e7221562778ed536/testbuild/testprog', '-Wl,-Bstatic', '-Wl,-Bdynamic']
yes
----------------------------------------
Checking for netlink
==>
#include <linux/if_addr.h>
#include <linux/if_link.h>
#include <linux/netlink.h>
#include <linux/rtnetlink.h>
#include <linux/genetlink.h>

int main(int argc, char **argv) {
	(void)argc; (void)argv;
	return 0;
}

<==
[1/2] Compiling [32mbuild/.conf_check_85cd098274f245eecf1b0613474a0cc3/test.cpp[0m

['clang++', '-std=c++14', '-DHAVE_STD_TO_STRING=1', '-DHAVE_PTHREAD=1', '-DHAVE_RT=1', '-DHAVE_GETPASS=1', '../test.cpp', '-c', '-o/home/pi/L3NDNClinic/Bryan/ndn-cxx/build/.conf_check_85cd098274f245eecf1b0613474a0cc3/testbuild/test.cpp.1.o']
[2/2] Linking [33mbuild/.conf_check_85cd098274f245eecf1b0613474a0cc3/testbuild/testprog[0m

['clang++', '-fuse-ld=gold', 'test.cpp.1.o', '-o/home/pi/L3NDNClinic/Bryan/ndn-cxx/build/.conf_check_85cd098274f245eecf1b0613474a0cc3/testbuild/testprog', '-Wl,-Bstatic', '-Wl,-Bdynamic']
yes
----------------------------------------
Checking for NETLINK_EXT_ACK
==>
#include <linux/netlink.h>
                                   int main() { return NETLINK_EXT_ACK; }
<==
[1/2] Compiling [32mbuild/.conf_check_1e85390af3c88deb3ac3c6d11898f824/test.cpp[0m

['clang++', '-std=c++14', '-DHAVE_STD_TO_STRING=1', '-DHAVE_PTHREAD=1', '-DHAVE_RT=1', '-DHAVE_GETPASS=1', '-DHAVE_NETLINK=1', '../test.cpp', '-c', '-o/home/pi/L3NDNClinic/Bryan/ndn-cxx/build/.conf_check_1e85390af3c88deb3ac3c6d11898f824/testbuild/test.cpp.1.o']
[2/2] Linking [33mbuild/.conf_check_1e85390af3c88deb3ac3c6d11898f824/testbuild/testprog[0m

['clang++', '-fuse-ld=gold', 'test.cpp.1.o', '-o/home/pi/L3NDNClinic/Bryan/ndn-cxx/build/.conf_check_1e85390af3c88deb3ac3c6d11898f824/testbuild/testprog', '-Wl,-Bstatic', '-Wl,-Bdynamic']
yes
----------------------------------------
Checking for IFA_FLAGS
==>
#include <linux/if_addr.h>
                                   int main() { return IFA_FLAGS; }
<==
[1/2] Compiling [32mbuild/.conf_check_37f5d3835e1f45652bcb75d22b70497b/test.cpp[0m

['clang++', '-std=c++14', '-DHAVE_STD_TO_STRING=1', '-DHAVE_PTHREAD=1', '-DHAVE_RT=1', '-DHAVE_GETPASS=1', '-DHAVE_NETLINK=1', '-DHAVE_NETLINK_EXT_ACK=1', '../test.cpp', '-c', '-o/home/pi/L3NDNClinic/Bryan/ndn-cxx/build/.conf_check_37f5d3835e1f45652bcb75d22b70497b/testbuild/test.cpp.1.o']
[2/2] Linking [33mbuild/.conf_check_37f5d3835e1f45652bcb75d22b70497b/testbuild/testprog[0m

['clang++', '-fuse-ld=gold', 'test.cpp.1.o', '-o/home/pi/L3NDNClinic/Bryan/ndn-cxx/build/.conf_check_37f5d3835e1f45652bcb75d22b70497b/testbuild/testprog', '-Wl,-Bstatic', '-Wl,-Bdynamic']
yes
----------------------------------------
Checking for program 'pkg-config'
/usr/bin/pkg-config
find program=['pkg-config'] paths=['/usr/local/clang_8.0.0/bin', '/usr/local/sbin', '/usr/local/bin', '/usr/sbin', '/usr/bin', '/sbin', '/bin', '/usr/local/games', '/usr/games'] var='PKGCONFIG' -> ['/usr/bin/pkg-config']
----------------------------------------
Checking for 'sqlite3'
['/usr/bin/pkg-config', '--cflags', '--libs', 'sqlite3']
out: -lsqlite3

yes
----------------------------------------
Checking for OpenSSL version
"OpenSSL 1.1.1c  28 May 2019"
----------------------------------------
Checking if OpenSSL library works
==>

int main(int argc, char **argv) {
	(void)argc; (void)argv;
	return 0;
}

<==
[1/2] Compiling [32mbuild/.conf_check_ae96ada91049051ed271b148e64fd3b5/test.cpp[0m

['clang++', '-std=c++14', '-I/usr/include', '-DHAVE_STD_TO_STRING=1', '-DHAVE_PTHREAD=1', '-DHAVE_RT=1', '-DHAVE_GETPASS=1', '-DHAVE_NETLINK=1', '-DHAVE_NETLINK_EXT_ACK=1', '-DHAVE_IFA_FLAGS=1', '-DHAVE_SQLITE3=1', '../test.cpp', '-c', '-o/home/pi/L3NDNClinic/Bryan/ndn-cxx/build/.conf_check_ae96ada91049051ed271b148e64fd3b5/testbuild/test.cpp.1.o']
[2/2] Linking [33mbuild/.conf_check_ae96ada91049051ed271b148e64fd3b5/testbuild/testprog[0m

['clang++', '-fuse-ld=gold', 'test.cpp.1.o', '-o/home/pi/L3NDNClinic/Bryan/ndn-cxx/build/.conf_check_ae96ada91049051ed271b148e64fd3b5/testbuild/testprog', '-Wl,-Bstatic', '-Wl,-Bdynamic', '-L/usr/lib', '-lcrypto']
yes
----------------------------------------
Checking for program 'dpkg-architecture'
/usr/bin/dpkg-architecture
find program=['dpkg-architecture'] paths=['/usr/local/clang_8.0.0/bin', '/usr/local/sbin', '/usr/local/bin', '/usr/sbin', '/usr/bin', '/sbin', '/bin', '/usr/local/games', '/usr/games'] var='DPKG_ARCHITECTURE' -> ['/usr/bin/dpkg-architecture']
['/usr/bin/dpkg-architecture', '-qDEB_HOST_MULTIARCH']
out: arm-linux-gnueabihf

----------------------------------------
Checking boost includes
1.67.0
----------------------------------------
Checking boost libs
Found the boost path in /usr/lib/arm-linux-gnueabihf with the libraries:
    /usr/lib/arm-linux-gnueabihf/libboost_atomic.a
    /usr/lib/arm-linux-gnueabihf/libboost_atomic.so
    /usr/lib/arm-linux-gnueabihf/libboost_atomic.so.1.67.0
    /usr/lib/arm-linux-gnueabihf/libboost_chrono.a
    /usr/lib/arm-linux-gnueabihf/libboost_chrono.so
    /usr/lib/arm-linux-gnueabihf/libboost_chrono.so.1.67.0
    /usr/lib/arm-linux-gnueabihf/libboost_container.a
    /usr/lib/arm-linux-gnueabihf/libboost_container.so
    /usr/lib/arm-linux-gnueabihf/libboost_container.so.1.67.0
    /usr/lib/arm-linux-gnueabihf/libboost_context.a
    /usr/lib/arm-linux-gnueabihf/libboost_context.so
    /usr/lib/arm-linux-gnueabihf/libboost_context.so.1.67.0
    /usr/lib/arm-linux-gnueabihf/libboost_coroutine.a
    /usr/lib/arm-linux-gnueabihf/libboost_coroutine.so
    /usr/lib/arm-linux-gnueabihf/libboost_coroutine.so.1.67.0
    /usr/lib/arm-linux-gnueabihf/libboost_date_time.a
    /usr/lib/arm-linux-gnueabihf/libboost_date_time.so
    /usr/lib/arm-linux-gnueabihf/libboost_date_time.so.1.67.0
    /usr/lib/arm-linux-gnueabihf/libboost_exception.a
    /usr/lib/arm-linux-gnueabihf/libboost_fiber.a
    /usr/lib/arm-linux-gnueabihf/libboost_fiber.so
    /usr/lib/arm-linux-gnueabihf/libboost_fiber.so.1.67.0
    /usr/lib/arm-linux-gnueabihf/libboost_filesystem.a
    /usr/lib/arm-linux-gnueabihf/libboost_filesystem.so
    /usr/lib/arm-linux-gnueabihf/libboost_filesystem.so.1.67.0
    /usr/lib/arm-linux-gnueabihf/libboost_graph.a
    /usr/lib/arm-linux-gnueabihf/libboost_graph.so
    /usr/lib/arm-linux-gnueabihf/libboost_graph.so.1.67.0
    /usr/lib/arm-linux-gnueabihf/libboost_graph_parallel.a
    /usr/lib/arm-linux-gnueabihf/libboost_graph_parallel.so
    /usr/lib/arm-linux-gnueabihf/libboost_graph_parallel.so.1.67.0
    /usr/lib/arm-linux-gnueabihf/libboost_iostreams.a
    /usr/lib/arm-linux-gnueabihf/libboost_iostreams.so
    /usr/lib/arm-linux-gnueabihf/libboost_iostreams.so.1.58.0
    /usr/lib/arm-linux-gnueabihf/libboost_iostreams.so.1.67.0
    /usr/lib/arm-linux-gnueabihf/libboost_locale.a
    /usr/lib/arm-linux-gnueabihf/libboost_locale.so
    /usr/lib/arm-linux-gnueabihf/libboost_locale.so.1.67.0
    /usr/lib/arm-linux-gnueabihf/libboost_log.a
    /usr/lib/arm-linux-gnueabihf/libboost_log.so
    /usr/lib/arm-linux-gnueabihf/libboost_log.so.1.67.0
    /usr/lib/arm-linux-gnueabihf/libboost_log_setup.a
    /usr/lib/arm-linux-gnueabihf/libboost_log_setup.so
    /usr/lib/arm-linux-gnueabihf/libboost_log_setup.so.1.67.0
    /usr/lib/arm-linux-gnueabihf/libboost_math_c99.a
    /usr/lib/arm-linux-gnueabihf/libboost_math_c99.so
    /usr/lib/arm-linux-gnueabihf/libboost_math_c99.so.1.67.0
    /usr/lib/arm-linux-gnueabihf/libboost_math_c99f.a
    /usr/lib/arm-linux-gnueabihf/libboost_math_c99f.so
    /usr/lib/arm-linux-gnueabihf/libboost_math_c99f.so.1.67.0
    /usr/lib/arm-linux-gnueabihf/libboost_math_tr1.a
    /usr/lib/arm-linux-gnueabihf/libboost_math_tr1.so
    /usr/lib/arm-linux-gnueabihf/libboost_math_tr1.so.1.67.0
    /usr/lib/arm-linux-gnueabihf/libboost_math_tr1f.a
    /usr/lib/arm-linux-gnueabihf/libboost_math_tr1f.so
    /usr/lib/arm-linux-gnueabihf/libboost_math_tr1f.so.1.67.0
    /usr/lib/arm-linux-gnueabihf/libboost_mpi.a
    /usr/lib/arm-linux-gnueabihf/libboost_mpi.so
    /usr/lib/arm-linux-gnueabihf/libboost_mpi.so.1.67.0
    /usr/lib/arm-linux-gnueabihf/libboost_mpi_python.a
    /usr/lib/arm-linux-gnueabihf/libboost_mpi_python.so
    /usr/lib/arm-linux-gnueabihf/libboost_mpi_python27.a
    /usr/lib/arm-linux-gnueabihf/libboost_mpi_python27.so
    /usr/lib/arm-linux-gnueabihf/libboost_mpi_python27.so.1.67.0
    /usr/lib/arm-linux-gnueabihf/libboost_mpi_python3-py37.a
    /usr/lib/arm-linux-gnueabihf/libboost_mpi_python3-py37.so
    /usr/lib/arm-linux-gnueabihf/libboost_mpi_python3.a
    /usr/lib/arm-linux-gnueabihf/libboost_mpi_python3.so
    /usr/lib/arm-linux-gnueabihf/libboost_mpi_python37.a
    /usr/lib/arm-linux-gnueabihf/libboost_mpi_python37.so
    /usr/lib/arm-linux-gnueabihf/libboost_mpi_python37.so.1.67.0
    /usr/lib/arm-linux-gnueabihf/libboost_numpy.a
    /usr/lib/arm-linux-gnueabihf/libboost_numpy.so
    /usr/lib/arm-linux-gnueabihf/libboost_numpy27.a
    /usr/lib/arm-linux-gnueabihf/libboost_numpy27.so
    /usr/lib/arm-linux-gnueabihf/libboost_numpy27.so.1.67.0
    /usr/lib/arm-linux-gnueabihf/libboost_numpy3.a
    /usr/lib/arm-linux-gnueabihf/libboost_numpy3.so
    /usr/lib/arm-linux-gnueabihf/libboost_numpy37.a
    /usr/lib/arm-linux-gnueabihf/libboost_numpy37.so
    /usr/lib/arm-linux-gnueabihf/libboost_numpy37.so.1.67.0
    /usr/lib/arm-linux-gnueabihf/libboost_prg_exec_monitor.a
    /usr/lib/arm-linux-gnueabihf/libboost_prg_exec_monitor.so
    /usr/lib/arm-linux-gnueabihf/libboost_prg_exec_monitor.so.1.67.0
    /usr/lib/arm-linux-gnueabihf/libboost_program_options.a
    /usr/lib/arm-linux-gnueabihf/libboost_program_options.so
    /usr/lib/arm-linux-gnueabihf/libboost_program_options.so.1.67.0
    /usr/lib/arm-linux-gnueabihf/libboost_python.a
    /usr/lib/arm-linux-gnueabihf/libboost_python.so
    /usr/lib/arm-linux-gnueabihf/libboost_python27.a
    /usr/lib/arm-linux-gnueabihf/libboost_python27.so
    /usr/lib/arm-linux-gnueabihf/libboost_python27.so.1.67.0
    /usr/lib/arm-linux-gnueabihf/libboost_python3-py37.a
    /usr/lib/arm-linux-gnueabihf/libboost_python3-py37.so
    /usr/lib/arm-linux-gnueabihf/libboost_python3.a
    /usr/lib/arm-linux-gnueabihf/libboost_python3.so
    /usr/lib/arm-linux-gnueabihf/libboost_python37.a
    /usr/lib/arm-linux-gnueabihf/libboost_python37.so
    /usr/lib/arm-linux-gnueabihf/libboost_python37.so.1.67.0
    /usr/lib/arm-linux-gnueabihf/libboost_random.a
    /usr/lib/arm-linux-gnueabihf/libboost_random.so
    /usr/lib/arm-linux-gnueabihf/libboost_random.so.1.67.0
    /usr/lib/arm-linux-gnueabihf/libboost_regex.a
    /usr/lib/arm-linux-gnueabihf/libboost_regex.so
    /usr/lib/arm-linux-gnueabihf/libboost_regex.so.1.67.0
    /usr/lib/arm-linux-gnueabihf/libboost_serialization.a
    /usr/lib/arm-linux-gnueabihf/libboost_serialization.so
    /usr/lib/arm-linux-gnueabihf/libboost_serialization.so.1.67.0
    /usr/lib/arm-linux-gnueabihf/libboost_signals.a
    /usr/lib/arm-linux-gnueabihf/libboost_signals.so
    /usr/lib/arm-linux-gnueabihf/libboost_signals.so.1.67.0
    /usr/lib/arm-linux-gnueabihf/libboost_stacktrace_addr2line.a
    /usr/lib/arm-linux-gnueabihf/libboost_stacktrace_addr2line.so
    /usr/lib/arm-linux-gnueabihf/libboost_stacktrace_addr2line.so.1.67.0
    /usr/lib/arm-linux-gnueabihf/libboost_stacktrace_backtrace.a
    /usr/lib/arm-linux-gnueabihf/libboost_stacktrace_backtrace.so
    /usr/lib/arm-linux-gnueabihf/libboost_stacktrace_backtrace.so.1.67.0
    /usr/lib/arm-linux-gnueabihf/libboost_stacktrace_basic.a
    /usr/lib/arm-linux-gnueabihf/libboost_stacktrace_basic.so
    /usr/lib/arm-linux-gnueabihf/libboost_stacktrace_basic.so.1.67.0
    /usr/lib/arm-linux-gnueabihf/libboost_stacktrace_noop.a
    /usr/lib/arm-linux-gnueabihf/libboost_stacktrace_noop.so
    /usr/lib/arm-linux-gnueabihf/libboost_stacktrace_noop.so.1.67.0
    /usr/lib/arm-linux-gnueabihf/libboost_system.a
    /usr/lib/arm-linux-gnueabihf/libboost_system.so
    /usr/lib/arm-linux-gnueabihf/libboost_system.so.1.67.0
    /usr/lib/arm-linux-gnueabihf/libboost_test_exec_monitor.a
    /usr/lib/arm-linux-gnueabihf/libboost_thread.a
    /usr/lib/arm-linux-gnueabihf/libboost_thread.so
    /usr/lib/arm-linux-gnueabihf/libboost_thread.so.1.67.0
    /usr/lib/arm-linux-gnueabihf/libboost_timer.a
    /usr/lib/arm-linux-gnueabihf/libboost_timer.so
    /usr/lib/arm-linux-gnueabihf/libboost_timer.so.1.67.0
    /usr/lib/arm-linux-gnueabihf/libboost_type_erasure.a
    /usr/lib/arm-linux-gnueabihf/libboost_type_erasure.so
    /usr/lib/arm-linux-gnueabihf/libboost_type_erasure.so.1.67.0
    /usr/lib/arm-linux-gnueabihf/libboost_unit_test_framework.a
    /usr/lib/arm-linux-gnueabihf/libboost_unit_test_framework.so
    /usr/lib/arm-linux-gnueabihf/libboost_unit_test_framework.so.1.67.0
    /usr/lib/arm-linux-gnueabihf/libboost_wave.a
    /usr/lib/arm-linux-gnueabihf/libboost_wave.so
    /usr/lib/arm-linux-gnueabihf/libboost_wave.so.1.67.0
    /usr/lib/arm-linux-gnueabihf/libboost_wserialization.a
    /usr/lib/arm-linux-gnueabihf/libboost_wserialization.so
    /usr/lib/arm-linux-gnueabihf/libboost_wserialization.so.1.67.0
Trying pattern boost_stacktrace_backtrace(-clang[0-9]{0,3})-mt-1_67.so$
Trying pattern boost_stacktrace_backtrace-mt-1_67.so$
Trying pattern boost_stacktrace_backtrace(-clang[0-9]{0,3})-mt.so$
Trying pattern boost_stacktrace_backtrace-mt.so$
Trying pattern boost_stacktrace_backtrace.so$
Found boost lib /usr/lib/arm-linux-gnueabihf/libboost_stacktrace_backtrace.so
boost_stacktrace_backtrace
----------------------------------------
Checking for boost linkage
ok
----------------------------------------
Checking boost libs
Found the boost path in /usr/lib/arm-linux-gnueabihf with the libraries:
    /usr/lib/arm-linux-gnueabihf/libboost_atomic.a
    /usr/lib/arm-linux-gnueabihf/libboost_atomic.so
    /usr/lib/arm-linux-gnueabihf/libboost_atomic.so.1.67.0
    /usr/lib/arm-linux-gnueabihf/libboost_chrono.a
    /usr/lib/arm-linux-gnueabihf/libboost_chrono.so
    /usr/lib/arm-linux-gnueabihf/libboost_chrono.so.1.67.0
    /usr/lib/arm-linux-gnueabihf/libboost_container.a
    /usr/lib/arm-linux-gnueabihf/libboost_container.so
    /usr/lib/arm-linux-gnueabihf/libboost_container.so.1.67.0
    /usr/lib/arm-linux-gnueabihf/libboost_context.a
    /usr/lib/arm-linux-gnueabihf/libboost_context.so
    /usr/lib/arm-linux-gnueabihf/libboost_context.so.1.67.0
    /usr/lib/arm-linux-gnueabihf/libboost_coroutine.a
    /usr/lib/arm-linux-gnueabihf/libboost_coroutine.so
    /usr/lib/arm-linux-gnueabihf/libboost_coroutine.so.1.67.0
    /usr/lib/arm-linux-gnueabihf/libboost_date_time.a
    /usr/lib/arm-linux-gnueabihf/libboost_date_time.so
    /usr/lib/arm-linux-gnueabihf/libboost_date_time.so.1.67.0
    /usr/lib/arm-linux-gnueabihf/libboost_exception.a
    /usr/lib/arm-linux-gnueabihf/libboost_fiber.a
    /usr/lib/arm-linux-gnueabihf/libboost_fiber.so
    /usr/lib/arm-linux-gnueabihf/libboost_fiber.so.1.67.0
    /usr/lib/arm-linux-gnueabihf/libboost_filesystem.a
    /usr/lib/arm-linux-gnueabihf/libboost_filesystem.so
    /usr/lib/arm-linux-gnueabihf/libboost_filesystem.so.1.67.0
    /usr/lib/arm-linux-gnueabihf/libboost_graph.a
    /usr/lib/arm-linux-gnueabihf/libboost_graph.so
    /usr/lib/arm-linux-gnueabihf/libboost_graph.so.1.67.0
    /usr/lib/arm-linux-gnueabihf/libboost_graph_parallel.a
    /usr/lib/arm-linux-gnueabihf/libboost_graph_parallel.so
    /usr/lib/arm-linux-gnueabihf/libboost_graph_parallel.so.1.67.0
    /usr/lib/arm-linux-gnueabihf/libboost_iostreams.a
    /usr/lib/arm-linux-gnueabihf/libboost_iostreams.so
    /usr/lib/arm-linux-gnueabihf/libboost_iostreams.so.1.58.0
    /usr/lib/arm-linux-gnueabihf/libboost_iostreams.so.1.67.0
    /usr/lib/arm-linux-gnueabihf/libboost_locale.a
    /usr/lib/arm-linux-gnueabihf/libboost_locale.so
    /usr/lib/arm-linux-gnueabihf/libboost_locale.so.1.67.0
    /usr/lib/arm-linux-gnueabihf/libboost_log.a
    /usr/lib/arm-linux-gnueabihf/libboost_log.so
    /usr/lib/arm-linux-gnueabihf/libboost_log.so.1.67.0
    /usr/lib/arm-linux-gnueabihf/libboost_log_setup.a
    /usr/lib/arm-linux-gnueabihf/libboost_log_setup.so
    /usr/lib/arm-linux-gnueabihf/libboost_log_setup.so.1.67.0
    /usr/lib/arm-linux-gnueabihf/libboost_math_c99.a
    /usr/lib/arm-linux-gnueabihf/libboost_math_c99.so
    /usr/lib/arm-linux-gnueabihf/libboost_math_c99.so.1.67.0
    /usr/lib/arm-linux-gnueabihf/libboost_math_c99f.a
    /usr/lib/arm-linux-gnueabihf/libboost_math_c99f.so
    /usr/lib/arm-linux-gnueabihf/libboost_math_c99f.so.1.67.0
    /usr/lib/arm-linux-gnueabihf/libboost_math_tr1.a
    /usr/lib/arm-linux-gnueabihf/libboost_math_tr1.so
    /usr/lib/arm-linux-gnueabihf/libboost_math_tr1.so.1.67.0
    /usr/lib/arm-linux-gnueabihf/libboost_math_tr1f.a
    /usr/lib/arm-linux-gnueabihf/libboost_math_tr1f.so
    /usr/lib/arm-linux-gnueabihf/libboost_math_tr1f.so.1.67.0
    /usr/lib/arm-linux-gnueabihf/libboost_mpi.a
    /usr/lib/arm-linux-gnueabihf/libboost_mpi.so
    /usr/lib/arm-linux-gnueabihf/libboost_mpi.so.1.67.0
    /usr/lib/arm-linux-gnueabihf/libboost_mpi_python.a
    /usr/lib/arm-linux-gnueabihf/libboost_mpi_python.so
    /usr/lib/arm-linux-gnueabihf/libboost_mpi_python27.a
    /usr/lib/arm-linux-gnueabihf/libboost_mpi_python27.so
    /usr/lib/arm-linux-gnueabihf/libboost_mpi_python27.so.1.67.0
    /usr/lib/arm-linux-gnueabihf/libboost_mpi_python3-py37.a
    /usr/lib/arm-linux-gnueabihf/libboost_mpi_python3-py37.so
    /usr/lib/arm-linux-gnueabihf/libboost_mpi_python3.a
    /usr/lib/arm-linux-gnueabihf/libboost_mpi_python3.so
    /usr/lib/arm-linux-gnueabihf/libboost_mpi_python37.a
    /usr/lib/arm-linux-gnueabihf/libboost_mpi_python37.so
    /usr/lib/arm-linux-gnueabihf/libboost_mpi_python37.so.1.67.0
    /usr/lib/arm-linux-gnueabihf/libboost_numpy.a
    /usr/lib/arm-linux-gnueabihf/libboost_numpy.so
    /usr/lib/arm-linux-gnueabihf/libboost_numpy27.a
    /usr/lib/arm-linux-gnueabihf/libboost_numpy27.so
    /usr/lib/arm-linux-gnueabihf/libboost_numpy27.so.1.67.0
    /usr/lib/arm-linux-gnueabihf/libboost_numpy3.a
    /usr/lib/arm-linux-gnueabihf/libboost_numpy3.so
    /usr/lib/arm-linux-gnueabihf/libboost_numpy37.a
    /usr/lib/arm-linux-gnueabihf/libboost_numpy37.so
    /usr/lib/arm-linux-gnueabihf/libboost_numpy37.so.1.67.0
    /usr/lib/arm-linux-gnueabihf/libboost_prg_exec_monitor.a
    /usr/lib/arm-linux-gnueabihf/libboost_prg_exec_monitor.so
    /usr/lib/arm-linux-gnueabihf/libboost_prg_exec_monitor.so.1.67.0
    /usr/lib/arm-linux-gnueabihf/libboost_program_options.a
    /usr/lib/arm-linux-gnueabihf/libboost_program_options.so
    /usr/lib/arm-linux-gnueabihf/libboost_program_options.so.1.67.0
    /usr/lib/arm-linux-gnueabihf/libboost_python.a
    /usr/lib/arm-linux-gnueabihf/libboost_python.so
    /usr/lib/arm-linux-gnueabihf/libboost_python27.a
    /usr/lib/arm-linux-gnueabihf/libboost_python27.so
    /usr/lib/arm-linux-gnueabihf/libboost_python27.so.1.67.0
    /usr/lib/arm-linux-gnueabihf/libboost_python3-py37.a
    /usr/lib/arm-linux-gnueabihf/libboost_python3-py37.so
    /usr/lib/arm-linux-gnueabihf/libboost_python3.a
    /usr/lib/arm-linux-gnueabihf/libboost_python3.so
    /usr/lib/arm-linux-gnueabihf/libboost_python37.a
    /usr/lib/arm-linux-gnueabihf/libboost_python37.so
    /usr/lib/arm-linux-gnueabihf/libboost_python37.so.1.67.0
    /usr/lib/arm-linux-gnueabihf/libboost_random.a
    /usr/lib/arm-linux-gnueabihf/libboost_random.so
    /usr/lib/arm-linux-gnueabihf/libboost_random.so.1.67.0
    /usr/lib/arm-linux-gnueabihf/libboost_regex.a
    /usr/lib/arm-linux-gnueabihf/libboost_regex.so
    /usr/lib/arm-linux-gnueabihf/libboost_regex.so.1.67.0
    /usr/lib/arm-linux-gnueabihf/libboost_serialization.a
    /usr/lib/arm-linux-gnueabihf/libboost_serialization.so
    /usr/lib/arm-linux-gnueabihf/libboost_serialization.so.1.67.0
    /usr/lib/arm-linux-gnueabihf/libboost_signals.a
    /usr/lib/arm-linux-gnueabihf/libboost_signals.so
    /usr/lib/arm-linux-gnueabihf/libboost_signals.so.1.67.0
    /usr/lib/arm-linux-gnueabihf/libboost_stacktrace_addr2line.a
    /usr/lib/arm-linux-gnueabihf/libboost_stacktrace_addr2line.so
    /usr/lib/arm-linux-gnueabihf/libboost_stacktrace_addr2line.so.1.67.0
    /usr/lib/arm-linux-gnueabihf/libboost_stacktrace_backtrace.a
    /usr/lib/arm-linux-gnueabihf/libboost_stacktrace_backtrace.so
    /usr/lib/arm-linux-gnueabihf/libboost_stacktrace_backtrace.so.1.67.0
    /usr/lib/arm-linux-gnueabihf/libboost_stacktrace_basic.a
    /usr/lib/arm-linux-gnueabihf/libboost_stacktrace_basic.so
    /usr/lib/arm-linux-gnueabihf/libboost_stacktrace_basic.so.1.67.0
    /usr/lib/arm-linux-gnueabihf/libboost_stacktrace_noop.a
    /usr/lib/arm-linux-gnueabihf/libboost_stacktrace_noop.so
    /usr/lib/arm-linux-gnueabihf/libboost_stacktrace_noop.so.1.67.0
    /usr/lib/arm-linux-gnueabihf/libboost_system.a
    /usr/lib/arm-linux-gnueabihf/libboost_system.so
    /usr/lib/arm-linux-gnueabihf/libboost_system.so.1.67.0
    /usr/lib/arm-linux-gnueabihf/libboost_test_exec_monitor.a
    /usr/lib/arm-linux-gnueabihf/libboost_thread.a
    /usr/lib/arm-linux-gnueabihf/libboost_thread.so
    /usr/lib/arm-linux-gnueabihf/libboost_thread.so.1.67.0
    /usr/lib/arm-linux-gnueabihf/libboost_timer.a
    /usr/lib/arm-linux-gnueabihf/libboost_timer.so
    /usr/lib/arm-linux-gnueabihf/libboost_timer.so.1.67.0
    /usr/lib/arm-linux-gnueabihf/libboost_type_erasure.a
    /usr/lib/arm-linux-gnueabihf/libboost_type_erasure.so
    /usr/lib/arm-linux-gnueabihf/libboost_type_erasure.so.1.67.0
    /usr/lib/arm-linux-gnueabihf/libboost_unit_test_framework.a
    /usr/lib/arm-linux-gnueabihf/libboost_unit_test_framework.so
    /usr/lib/arm-linux-gnueabihf/libboost_unit_test_framework.so.1.67.0
    /usr/lib/arm-linux-gnueabihf/libboost_wave.a
    /usr/lib/arm-linux-gnueabihf/libboost_wave.so
    /usr/lib/arm-linux-gnueabihf/libboost_wave.so.1.67.0
    /usr/lib/arm-linux-gnueabihf/libboost_wserialization.a
    /usr/lib/arm-linux-gnueabihf/libboost_wserialization.so
    /usr/lib/arm-linux-gnueabihf/libboost_wserialization.so.1.67.0
Trying pattern boost_system(-clang[0-9]{0,3})-mt-1_67.so$
Trying pattern boost_system-mt-1_67.so$
Trying pattern boost_system(-clang[0-9]{0,3})-mt.so$
Trying pattern boost_system-mt.so$
Trying pattern boost_system.so$
Found boost lib /usr/lib/arm-linux-gnueabihf/libboost_system.so
Trying pattern boost_program_options(-clang[0-9]{0,3})-mt-1_67.so$
Trying pattern boost_program_options-mt-1_67.so$
Trying pattern boost_program_options(-clang[0-9]{0,3})-mt.so$
Trying pattern boost_program_options-mt.so$
Trying pattern boost_program_options.so$
Found boost lib /usr/lib/arm-linux-gnueabihf/libboost_program_options.so
Trying pattern boost_chrono(-clang[0-9]{0,3})-mt-1_67.so$
Trying pattern boost_chrono-mt-1_67.so$
Trying pattern boost_chrono(-clang[0-9]{0,3})-mt.so$
Trying pattern boost_chrono-mt.so$
Trying pattern boost_chrono.so$
Found boost lib /usr/lib/arm-linux-gnueabihf/libboost_chrono.so
Trying pattern boost_date_time(-clang[0-9]{0,3})-mt-1_67.so$
Trying pattern boost_date_time-mt-1_67.so$
Trying pattern boost_date_time(-clang[0-9]{0,3})-mt.so$
Trying pattern boost_date_time-mt.so$
Trying pattern boost_date_time.so$
Found boost lib /usr/lib/arm-linux-gnueabihf/libboost_date_time.so
Trying pattern boost_filesystem(-clang[0-9]{0,3})-mt-1_67.so$
Trying pattern boost_filesystem-mt-1_67.so$
Trying pattern boost_filesystem(-clang[0-9]{0,3})-mt.so$
Trying pattern boost_filesystem-mt.so$
Trying pattern boost_filesystem.so$
Found boost lib /usr/lib/arm-linux-gnueabihf/libboost_filesystem.so
Trying pattern boost_thread(-clang[0-9]{0,3})-mt-1_67.so$
Trying pattern boost_thread-mt-1_67.so$
Trying pattern boost_thread(-clang[0-9]{0,3})-mt.so$
Trying pattern boost_thread-mt.so$
Trying pattern boost_thread.so$
Found boost lib /usr/lib/arm-linux-gnueabihf/libboost_thread.so
Trying pattern boost_log(-clang[0-9]{0,3})-mt-1_67.so$
Trying pattern boost_log-mt-1_67.so$
Trying pattern boost_log(-clang[0-9]{0,3})-mt.so$
Trying pattern boost_log-mt.so$
Trying pattern boost_log.so$
Found boost lib /usr/lib/arm-linux-gnueabihf/libboost_log.so
Trying pattern boost_stacktrace_backtrace(-clang[0-9]{0,3})-mt-1_67.so$
Trying pattern boost_stacktrace_backtrace-mt-1_67.so$
Trying pattern boost_stacktrace_backtrace(-clang[0-9]{0,3})-mt.so$
Trying pattern boost_stacktrace_backtrace-mt.so$
Trying pattern boost_stacktrace_backtrace.so$
Found boost lib /usr/lib/arm-linux-gnueabihf/libboost_stacktrace_backtrace.so
boost_system boost_program_options boost_chrono boost_date_time boost_filesystem boost_thread boost_log boost_stacktrace_backtrace
-----------------------------------------
Checking the flags needed to use pthreads
[1/2] Compiling [32mbuild/.conf_check_6fcf895de3f2967a0f896fd6cce16796/test.cpp[0m

['clang++', '-std=c++14', '-I/usr/include', '-DHAVE_STD_TO_STRING=1', '-DHAVE_PTHREAD=1', '-DHAVE_RT=1', '-DHAVE_GETPASS=1', '-DHAVE_NETLINK=1', '-DHAVE_NETLINK_EXT_ACK=1', '-DHAVE_IFA_FLAGS=1', '-DHAVE_SQLITE3=1', '-DHAVE_OPENSSL=1', '-DBOOST_STACKTRACE_DYN_LINK', '../test.cpp', '-c', '-o/home/pi/L3NDNClinic/Bryan/ndn-cxx/build/.conf_check_6fcf895de3f2967a0f896fd6cce16796/testbuild/test.cpp.1.o']
[2/2] Linking [33mbuild/.conf_check_6fcf895de3f2967a0f896fd6cce16796/testbuild/testprog[0m

['clang++', '-fuse-ld=gold', 'test.cpp.1.o', '-o/home/pi/L3NDNClinic/Bryan/ndn-cxx/build/.conf_check_6fcf895de3f2967a0f896fd6cce16796/testbuild/testprog', '-Wl,-Bstatic', '-L/usr/lib/arm-linux-gnueabihf', '-Wl,-Bdynamic', '-L/usr/lib/arm-linux-gnueabihf', '-lboost_system', '-lboost_program_options', '-lboost_chrono', '-lboost_date_time', '-lboost_filesystem', '-lboost_thread', '-lboost_log', '-lboost_stacktrace_backtrace']
err: test.cpp.1.o:test.cpp:function main: error: undefined reference to 'pthread_create'
test.cpp.1.o:test.cpp:function main: error: undefined reference to 'pthread_join'
clang-8: error: linker command failed with exit code 1 (use -v to see invocation)

from /home/pi/L3NDNClinic/Bryan/ndn-cxx: Test does not build: Traceback (most recent call last):
  File "/home/pi/L3NDNClinic/Bryan/ndn-cxx/.waf-2.0.14-a8a9afc5d151494252697f8fa4ba3fbc/waflib/Configure.py", line 325, in run_build
    bld.compile()
  File "/home/pi/L3NDNClinic/Bryan/ndn-cxx/.waf-2.0.14-a8a9afc5d151494252697f8fa4ba3fbc/waflib/Build.py", line 176, in compile
    raise Errors.BuildError(self.producer.error)
BuildError: Build failed
 -> task in 'testprog' failed with exit status 1 (run with -v to display more information)

from /home/pi/L3NDNClinic/Bryan/ndn-cxx: The configuration failed
[1/2] Compiling [32mbuild/.conf_check_6fcf895de3f2967a0f896fd6cce16796/test.cpp[0m

['clang++', '-std=c++14', '-lpthreads', '-I/usr/include', '-DHAVE_STD_TO_STRING=1', '-DHAVE_PTHREAD=1', '-DHAVE_RT=1', '-DHAVE_GETPASS=1', '-DHAVE_NETLINK=1', '-DHAVE_NETLINK_EXT_ACK=1', '-DHAVE_IFA_FLAGS=1', '-DHAVE_SQLITE3=1', '-DHAVE_OPENSSL=1', '-DBOOST_STACKTRACE_DYN_LINK', '../test.cpp', '-c', '-o/home/pi/L3NDNClinic/Bryan/ndn-cxx/build/.conf_check_6fcf895de3f2967a0f896fd6cce16796/testbuild/test.cpp.1.o']
err: clang-8: warning: -lpthreads: 'linker' input unused [-Wunused-command-line-argument]

[2/2] Linking [33mbuild/.conf_check_6fcf895de3f2967a0f896fd6cce16796/testbuild/testprog[0m

['clang++', '-fuse-ld=gold', '-lpthreads', 'test.cpp.1.o', '-o/home/pi/L3NDNClinic/Bryan/ndn-cxx/build/.conf_check_6fcf895de3f2967a0f896fd6cce16796/testbuild/testprog', '-Wl,-Bstatic', '-L/usr/lib/arm-linux-gnueabihf', '-Wl,-Bdynamic', '-L/usr/lib/arm-linux-gnueabihf', '-lboost_system', '-lboost_program_options', '-lboost_chrono', '-lboost_date_time', '-lboost_filesystem', '-lboost_thread', '-lboost_log', '-lboost_stacktrace_backtrace']
err: /usr/bin/ld.gold: error: cannot find -lpthreads
test.cpp.1.o:test.cpp:function main: error: undefined reference to 'pthread_create'
test.cpp.1.o:test.cpp:function main: error: undefined reference to 'pthread_join'
clang-8: error: linker command failed with exit code 1 (use -v to see invocation)

from /home/pi/L3NDNClinic/Bryan/ndn-cxx: Test does not build: Traceback (most recent call last):
  File "/home/pi/L3NDNClinic/Bryan/ndn-cxx/.waf-2.0.14-a8a9afc5d151494252697f8fa4ba3fbc/waflib/Configure.py", line 325, in run_build
    bld.compile()
  File "/home/pi/L3NDNClinic/Bryan/ndn-cxx/.waf-2.0.14-a8a9afc5d151494252697f8fa4ba3fbc/waflib/Build.py", line 176, in compile
    raise Errors.BuildError(self.producer.error)
BuildError: Build failed
 -> task in 'testprog' failed with exit status 1 (run with -v to display more information)

from /home/pi/L3NDNClinic/Bryan/ndn-cxx: The configuration failed
[1/2] Compiling [32mbuild/.conf_check_6fcf895de3f2967a0f896fd6cce16796/test.cpp[0m

['clang++', '-std=c++14', '-Kthread', '-I/usr/include', '-DHAVE_STD_TO_STRING=1', '-DHAVE_PTHREAD=1', '-DHAVE_RT=1', '-DHAVE_GETPASS=1', '-DHAVE_NETLINK=1', '-DHAVE_NETLINK_EXT_ACK=1', '-DHAVE_IFA_FLAGS=1', '-DHAVE_SQLITE3=1', '-DHAVE_OPENSSL=1', '-DBOOST_STACKTRACE_DYN_LINK', '../test.cpp', '-c', '-o/home/pi/L3NDNClinic/Bryan/ndn-cxx/build/.conf_check_6fcf895de3f2967a0f896fd6cce16796/testbuild/test.cpp.1.o']
err: clang-8: error: unknown argument '-Kthread', did you mean '-pthread'?

from /home/pi/L3NDNClinic/Bryan/ndn-cxx: Test does not build: Traceback (most recent call last):
  File "/home/pi/L3NDNClinic/Bryan/ndn-cxx/.waf-2.0.14-a8a9afc5d151494252697f8fa4ba3fbc/waflib/Configure.py", line 325, in run_build
    bld.compile()
  File "/home/pi/L3NDNClinic/Bryan/ndn-cxx/.waf-2.0.14-a8a9afc5d151494252697f8fa4ba3fbc/waflib/Build.py", line 176, in compile
    raise Errors.BuildError(self.producer.error)
BuildError: Build failed
 -> task in 'testprog' failed with exit status 1 (run with -v to display more information)

from /home/pi/L3NDNClinic/Bryan/ndn-cxx: The configuration failed
[1/2] Compiling [32mbuild/.conf_check_6fcf895de3f2967a0f896fd6cce16796/test.cpp[0m

['clang++', '-std=c++14', '-kthread', '-I/usr/include', '-DHAVE_STD_TO_STRING=1', '-DHAVE_PTHREAD=1', '-DHAVE_RT=1', '-DHAVE_GETPASS=1', '-DHAVE_NETLINK=1', '-DHAVE_NETLINK_EXT_ACK=1', '-DHAVE_IFA_FLAGS=1', '-DHAVE_SQLITE3=1', '-DHAVE_OPENSSL=1', '-DBOOST_STACKTRACE_DYN_LINK', '../test.cpp', '-c', '-o/home/pi/L3NDNClinic/Bryan/ndn-cxx/build/.conf_check_6fcf895de3f2967a0f896fd6cce16796/testbuild/test.cpp.1.o']
err: clang-8: error: unknown argument '-kthread', did you mean '-pthread'?

from /home/pi/L3NDNClinic/Bryan/ndn-cxx: Test does not build: Traceback (most recent call last):
  File "/home/pi/L3NDNClinic/Bryan/ndn-cxx/.waf-2.0.14-a8a9afc5d151494252697f8fa4ba3fbc/waflib/Configure.py", line 325, in run_build
    bld.compile()
  File "/home/pi/L3NDNClinic/Bryan/ndn-cxx/.waf-2.0.14-a8a9afc5d151494252697f8fa4ba3fbc/waflib/Build.py", line 176, in compile
    raise Errors.BuildError(self.producer.error)
BuildError: Build failed
 -> task in 'testprog' failed with exit status 1 (run with -v to display more information)

from /home/pi/L3NDNClinic/Bryan/ndn-cxx: The configuration failed
[1/2] Compiling [32mbuild/.conf_check_6fcf895de3f2967a0f896fd6cce16796/test.cpp[0m

['clang++', '-std=c++14', '-llthread', '-I/usr/include', '-DHAVE_STD_TO_STRING=1', '-DHAVE_PTHREAD=1', '-DHAVE_RT=1', '-DHAVE_GETPASS=1', '-DHAVE_NETLINK=1', '-DHAVE_NETLINK_EXT_ACK=1', '-DHAVE_IFA_FLAGS=1', '-DHAVE_SQLITE3=1', '-DHAVE_OPENSSL=1', '-DBOOST_STACKTRACE_DYN_LINK', '../test.cpp', '-c', '-o/home/pi/L3NDNClinic/Bryan/ndn-cxx/build/.conf_check_6fcf895de3f2967a0f896fd6cce16796/testbuild/test.cpp.1.o']
err: clang-8: warning: -llthread: 'linker' input unused [-Wunused-command-line-argument]

[2/2] Linking [33mbuild/.conf_check_6fcf895de3f2967a0f896fd6cce16796/testbuild/testprog[0m

['clang++', '-fuse-ld=gold', '-llthread', 'test.cpp.1.o', '-o/home/pi/L3NDNClinic/Bryan/ndn-cxx/build/.conf_check_6fcf895de3f2967a0f896fd6cce16796/testbuild/testprog', '-Wl,-Bstatic', '-L/usr/lib/arm-linux-gnueabihf', '-Wl,-Bdynamic', '-L/usr/lib/arm-linux-gnueabihf', '-lboost_system', '-lboost_program_options', '-lboost_chrono', '-lboost_date_time', '-lboost_filesystem', '-lboost_thread', '-lboost_log', '-lboost_stacktrace_backtrace']
err: /usr/bin/ld.gold: error: cannot find -llthread
test.cpp.1.o:test.cpp:function main: error: undefined reference to 'pthread_create'
test.cpp.1.o:test.cpp:function main: error: undefined reference to 'pthread_join'
clang-8: error: linker command failed with exit code 1 (use -v to see invocation)

from /home/pi/L3NDNClinic/Bryan/ndn-cxx: Test does not build: Traceback (most recent call last):
  File "/home/pi/L3NDNClinic/Bryan/ndn-cxx/.waf-2.0.14-a8a9afc5d151494252697f8fa4ba3fbc/waflib/Configure.py", line 325, in run_build
    bld.compile()
  File "/home/pi/L3NDNClinic/Bryan/ndn-cxx/.waf-2.0.14-a8a9afc5d151494252697f8fa4ba3fbc/waflib/Build.py", line 176, in compile
    raise Errors.BuildError(self.producer.error)
BuildError: Build failed
 -> task in 'testprog' failed with exit status 1 (run with -v to display more information)

from /home/pi/L3NDNClinic/Bryan/ndn-cxx: The configuration failed
[1/2] Compiling [32mbuild/.conf_check_6fcf895de3f2967a0f896fd6cce16796/test.cpp[0m

['clang++', '-std=c++14', '-pthread', '-I/usr/include', '-DHAVE_STD_TO_STRING=1', '-DHAVE_PTHREAD=1', '-DHAVE_RT=1', '-DHAVE_GETPASS=1', '-DHAVE_NETLINK=1', '-DHAVE_NETLINK_EXT_ACK=1', '-DHAVE_IFA_FLAGS=1', '-DHAVE_SQLITE3=1', '-DHAVE_OPENSSL=1', '-DBOOST_STACKTRACE_DYN_LINK', '../test.cpp', '-c', '-o/home/pi/L3NDNClinic/Bryan/ndn-cxx/build/.conf_check_6fcf895de3f2967a0f896fd6cce16796/testbuild/test.cpp.1.o']
[2/2] Linking [33mbuild/.conf_check_6fcf895de3f2967a0f896fd6cce16796/testbuild/testprog[0m

['clang++', '-fuse-ld=gold', '-pthread', 'test.cpp.1.o', '-o/home/pi/L3NDNClinic/Bryan/ndn-cxx/build/.conf_check_6fcf895de3f2967a0f896fd6cce16796/testbuild/testprog', '-Wl,-Bstatic', '-L/usr/lib/arm-linux-gnueabihf', '-Wl,-Bdynamic', '-L/usr/lib/arm-linux-gnueabihf', '-lboost_system', '-lboost_program_options', '-lboost_chrono', '-lboost_date_time', '-lboost_filesystem', '-lboost_thread', '-lboost_log', '-lboost_stacktrace_backtrace']
-pthread
-----------------------------------------
Checking for boost linkage
==>

#include <boost/system/error_code.hpp>
int main() { boost::system::error_code c; }

<==
[1/2] Compiling [32mbuild/.conf_check_c73c23b7041781d39a1a6731d0a1cd03/test.cpp[0m

['clang++', '-std=c++14', '-pthread', '-I/usr/include', '-DHAVE_STD_TO_STRING=1', '-DHAVE_PTHREAD=1', '-DHAVE_RT=1', '-DHAVE_GETPASS=1', '-DHAVE_NETLINK=1', '-DHAVE_NETLINK_EXT_ACK=1', '-DHAVE_IFA_FLAGS=1', '-DHAVE_SQLITE3=1', '-DHAVE_OPENSSL=1', '-DBOOST_STACKTRACE_DYN_LINK', '../test.cpp', '-c', '-o/home/pi/L3NDNClinic/Bryan/ndn-cxx/build/.conf_check_c73c23b7041781d39a1a6731d0a1cd03/testbuild/test.cpp.1.o']
[2/2] Linking [33mbuild/.conf_check_c73c23b7041781d39a1a6731d0a1cd03/testbuild/testprog[0m

['clang++', '-fuse-ld=gold', '-pthread', 'test.cpp.1.o', '-o/home/pi/L3NDNClinic/Bryan/ndn-cxx/build/.conf_check_c73c23b7041781d39a1a6731d0a1cd03/testbuild/testprog', '-Wl,-Bstatic', '-L/usr/lib/arm-linux-gnueabihf', '-Wl,-Bdynamic', '-L/usr/lib/arm-linux-gnueabihf', '-lboost_system', '-lboost_program_options', '-lboost_chrono', '-lboost_date_time', '-lboost_filesystem', '-lboost_thread', '-lboost_log', '-lboost_stacktrace_backtrace']
==>

#include <boost/thread.hpp>
int main() { boost::thread t; }

<==
[1/2] Compiling [32mbuild/.conf_check_c567979058fe1126e3bbe43b10951188/test.cpp[0m

['clang++', '-std=c++14', '-pthread', '-I/usr/include', '-DHAVE_STD_TO_STRING=1', '-DHAVE_PTHREAD=1', '-DHAVE_RT=1', '-DHAVE_GETPASS=1', '-DHAVE_NETLINK=1', '-DHAVE_NETLINK_EXT_ACK=1', '-DHAVE_IFA_FLAGS=1', '-DHAVE_SQLITE3=1', '-DHAVE_OPENSSL=1', '-DBOOST_STACKTRACE_DYN_LINK', '../test.cpp', '-c', '-o/home/pi/L3NDNClinic/Bryan/ndn-cxx/build/.conf_check_c567979058fe1126e3bbe43b10951188/testbuild/test.cpp.1.o']
[2/2] Linking [33mbuild/.conf_check_c567979058fe1126e3bbe43b10951188/testbuild/testprog[0m

['clang++', '-fuse-ld=gold', '-pthread', 'test.cpp.1.o', '-o/home/pi/L3NDNClinic/Bryan/ndn-cxx/build/.conf_check_c567979058fe1126e3bbe43b10951188/testbuild/testprog', '-Wl,-Bstatic', '-L/usr/lib/arm-linux-gnueabihf', '-Wl,-Bdynamic', '-L/usr/lib/arm-linux-gnueabihf', '-lboost_system', '-lboost_program_options', '-lboost_chrono', '-lboost_date_time', '-lboost_filesystem', '-lboost_thread', '-lboost_log', '-lboost_stacktrace_backtrace']
==>

#include <boost/log/trivial.hpp>
int main() { BOOST_LOG_TRIVIAL(info) << "boost_log is working"; }

<==
[1/2] Compiling [32mbuild/.conf_check_4b89019759dab79e993036b15b8d7d3c/test.cpp[0m

['clang++', '-std=c++14', '-pthread', '-I/usr/include', '-DHAVE_STD_TO_STRING=1', '-DHAVE_PTHREAD=1', '-DHAVE_RT=1', '-DHAVE_GETPASS=1', '-DHAVE_NETLINK=1', '-DHAVE_NETLINK_EXT_ACK=1', '-DHAVE_IFA_FLAGS=1', '-DHAVE_SQLITE3=1', '-DHAVE_OPENSSL=1', '-DBOOST_STACKTRACE_DYN_LINK', '-DBOOST_LOG_DYN_LINK', '../test.cpp', '-c', '-o/home/pi/L3NDNClinic/Bryan/ndn-cxx/build/.conf_check_4b89019759dab79e993036b15b8d7d3c/testbuild/test.cpp.1.o']
[2/2] Linking [33mbuild/.conf_check_4b89019759dab79e993036b15b8d7d3c/testbuild/testprog[0m

['clang++', '-fuse-ld=gold', '-pthread', 'test.cpp.1.o', '-o/home/pi/L3NDNClinic/Bryan/ndn-cxx/build/.conf_check_4b89019759dab79e993036b15b8d7d3c/testbuild/testprog', '-Wl,-Bstatic', '-L/usr/lib/arm-linux-gnueabihf', '-Wl,-Bdynamic', '-L/usr/lib/arm-linux-gnueabihf', '-lboost_system', '-lboost_program_options', '-lboost_chrono', '-lboost_date_time', '-lboost_filesystem', '-lboost_thread', '-lboost_log', '-lboost_stacktrace_backtrace']
ok
-----------------------------------------
Checking supported CXXFLAGS
==>

int main(int argc, char **argv) {
	(void)argc; (void)argv;
	return 0;
}

<==
[1/2] Compiling [32mbuild/.conf_check_5a3bc776908a546cdf4bb0116d9239ba/test.cpp[0m

['clang++', '-std=c++14', '-Werror', '-O2', '-DHAVE_STD_TO_STRING=1', '-DHAVE_PTHREAD=1', '-DHAVE_RT=1', '-DHAVE_GETPASS=1', '-DHAVE_NETLINK=1', '-DHAVE_NETLINK_EXT_ACK=1', '-DHAVE_IFA_FLAGS=1', '-DHAVE_SQLITE3=1', '-DHAVE_OPENSSL=1', '../test.cpp', '-c', '-o/home/pi/L3NDNClinic/Bryan/ndn-cxx/build/.conf_check_5a3bc776908a546cdf4bb0116d9239ba/testbuild/test.cpp.1.o']
[2/2] Linking [33mbuild/.conf_check_5a3bc776908a546cdf4bb0116d9239ba/testbuild/testprog[0m

['clang++', '-fuse-ld=gold', 'test.cpp.1.o', '-o/home/pi/L3NDNClinic/Bryan/ndn-cxx/build/.conf_check_5a3bc776908a546cdf4bb0116d9239ba/testbuild/testprog', '-Wl,-Bstatic', '-Wl,-Bdynamic']
==>

int main(int argc, char **argv) {
	(void)argc; (void)argv;
	return 0;
}

<==
[1/2] Compiling [32mbuild/.conf_check_fb5762006972358e16b2e0f07ef95b10/test.cpp[0m

['clang++', '-std=c++14', '-Werror', '-g', '-DHAVE_STD_TO_STRING=1', '-DHAVE_PTHREAD=1', '-DHAVE_RT=1', '-DHAVE_GETPASS=1', '-DHAVE_NETLINK=1', '-DHAVE_NETLINK_EXT_ACK=1', '-DHAVE_IFA_FLAGS=1', '-DHAVE_SQLITE3=1', '-DHAVE_OPENSSL=1', '../test.cpp', '-c', '-o/home/pi/L3NDNClinic/Bryan/ndn-cxx/build/.conf_check_fb5762006972358e16b2e0f07ef95b10/testbuild/test.cpp.1.o']
[2/2] Linking [33mbuild/.conf_check_fb5762006972358e16b2e0f07ef95b10/testbuild/testprog[0m

['clang++', '-fuse-ld=gold', 'test.cpp.1.o', '-o/home/pi/L3NDNClinic/Bryan/ndn-cxx/build/.conf_check_fb5762006972358e16b2e0f07ef95b10/testbuild/testprog', '-Wl,-Bstatic', '-Wl,-Bdynamic']
==>

int main(int argc, char **argv) {
	(void)argc; (void)argv;
	return 0;
}

<==
[1/2] Compiling [32mbuild/.conf_check_722cf7898280e279b84255545cc8df7c/test.cpp[0m

['clang++', '-std=c++14', '-Werror', '-pedantic', '-DHAVE_STD_TO_STRING=1', '-DHAVE_PTHREAD=1', '-DHAVE_RT=1', '-DHAVE_GETPASS=1', '-DHAVE_NETLINK=1', '-DHAVE_NETLINK_EXT_ACK=1', '-DHAVE_IFA_FLAGS=1', '-DHAVE_SQLITE3=1', '-DHAVE_OPENSSL=1', '../test.cpp', '-c', '-o/home/pi/L3NDNClinic/Bryan/ndn-cxx/build/.conf_check_722cf7898280e279b84255545cc8df7c/testbuild/test.cpp.1.o']
[2/2] Linking [33mbuild/.conf_check_722cf7898280e279b84255545cc8df7c/testbuild/testprog[0m

['clang++', '-fuse-ld=gold', 'test.cpp.1.o', '-o/home/pi/L3NDNClinic/Bryan/ndn-cxx/build/.conf_check_722cf7898280e279b84255545cc8df7c/testbuild/testprog', '-Wl,-Bstatic', '-Wl,-Bdynamic']
==>

int main(int argc, char **argv) {
	(void)argc; (void)argv;
	return 0;
}

<==
[1/2] Compiling [32mbuild/.conf_check_8c91fc0aa3ea246b865f596c975cd1d8/test.cpp[0m

['clang++', '-std=c++14', '-Werror', '-Wall', '-DHAVE_STD_TO_STRING=1', '-DHAVE_PTHREAD=1', '-DHAVE_RT=1', '-DHAVE_GETPASS=1', '-DHAVE_NETLINK=1', '-DHAVE_NETLINK_EXT_ACK=1', '-DHAVE_IFA_FLAGS=1', '-DHAVE_SQLITE3=1', '-DHAVE_OPENSSL=1', '../test.cpp', '-c', '-o/home/pi/L3NDNClinic/Bryan/ndn-cxx/build/.conf_check_8c91fc0aa3ea246b865f596c975cd1d8/testbuild/test.cpp.1.o']
[2/2] Linking [33mbuild/.conf_check_8c91fc0aa3ea246b865f596c975cd1d8/testbuild/testprog[0m

['clang++', '-fuse-ld=gold', 'test.cpp.1.o', '-o/home/pi/L3NDNClinic/Bryan/ndn-cxx/build/.conf_check_8c91fc0aa3ea246b865f596c975cd1d8/testbuild/testprog', '-Wl,-Bstatic', '-Wl,-Bdynamic']
==>

int main(int argc, char **argv) {
	(void)argc; (void)argv;
	return 0;
}

<==
[1/2] Compiling [32mbuild/.conf_check_3ab510ed72e50627937da42d1402d125/test.cpp[0m

['clang++', '-std=c++14', '-Werror', '-Wextra', '-DHAVE_STD_TO_STRING=1', '-DHAVE_PTHREAD=1', '-DHAVE_RT=1', '-DHAVE_GETPASS=1', '-DHAVE_NETLINK=1', '-DHAVE_NETLINK_EXT_ACK=1', '-DHAVE_IFA_FLAGS=1', '-DHAVE_SQLITE3=1', '-DHAVE_OPENSSL=1', '../test.cpp', '-c', '-o/home/pi/L3NDNClinic/Bryan/ndn-cxx/build/.conf_check_3ab510ed72e50627937da42d1402d125/testbuild/test.cpp.1.o']
[2/2] Linking [33mbuild/.conf_check_3ab510ed72e50627937da42d1402d125/testbuild/testprog[0m

['clang++', '-fuse-ld=gold', 'test.cpp.1.o', '-o/home/pi/L3NDNClinic/Bryan/ndn-cxx/build/.conf_check_3ab510ed72e50627937da42d1402d125/testbuild/testprog', '-Wl,-Bstatic', '-Wl,-Bdynamic']
==>

int main(int argc, char **argv) {
	(void)argc; (void)argv;
	return 0;
}

<==
[1/2] Compiling [32mbuild/.conf_check_c181ead2235f8b29d441fd0172161c33/test.cpp[0m

['clang++', '-std=c++14', '-Werror', '-Wnon-virtual-dtor', '-DHAVE_STD_TO_STRING=1', '-DHAVE_PTHREAD=1', '-DHAVE_RT=1', '-DHAVE_GETPASS=1', '-DHAVE_NETLINK=1', '-DHAVE_NETLINK_EXT_ACK=1', '-DHAVE_IFA_FLAGS=1', '-DHAVE_SQLITE3=1', '-DHAVE_OPENSSL=1', '../test.cpp', '-c', '-o/home/pi/L3NDNClinic/Bryan/ndn-cxx/build/.conf_check_c181ead2235f8b29d441fd0172161c33/testbuild/test.cpp.1.o']
[2/2] Linking [33mbuild/.conf_check_c181ead2235f8b29d441fd0172161c33/testbuild/testprog[0m

['clang++', '-fuse-ld=gold', 'test.cpp.1.o', '-o/home/pi/L3NDNClinic/Bryan/ndn-cxx/build/.conf_check_c181ead2235f8b29d441fd0172161c33/testbuild/testprog', '-Wl,-Bstatic', '-Wl,-Bdynamic']
==>

int main(int argc, char **argv) {
	(void)argc; (void)argv;
	return 0;
}

<==
[1/2] Compiling [32mbuild/.conf_check_bec521d7092fcb187ff4710763302b29/test.cpp[0m

['clang++', '-std=c++14', '-Werror', '-Wno-unused-parameter', '-DHAVE_STD_TO_STRING=1', '-DHAVE_PTHREAD=1', '-DHAVE_RT=1', '-DHAVE_GETPASS=1', '-DHAVE_NETLINK=1', '-DHAVE_NETLINK_EXT_ACK=1', '-DHAVE_IFA_FLAGS=1', '-DHAVE_SQLITE3=1', '-DHAVE_OPENSSL=1', '../test.cpp', '-c', '-o/home/pi/L3NDNClinic/Bryan/ndn-cxx/build/.conf_check_bec521d7092fcb187ff4710763302b29/testbuild/test.cpp.1.o']
[2/2] Linking [33mbuild/.conf_check_bec521d7092fcb187ff4710763302b29/testbuild/testprog[0m

['clang++', '-fuse-ld=gold', 'test.cpp.1.o', '-o/home/pi/L3NDNClinic/Bryan/ndn-cxx/build/.conf_check_bec521d7092fcb187ff4710763302b29/testbuild/testprog', '-Wl,-Bstatic', '-Wl,-Bdynamic']
==>

int main(int argc, char **argv) {
	(void)argc; (void)argv;
	return 0;
}

<==
[1/2] Compiling [32mbuild/.conf_check_2cb7c043ab21f69bc54aee705416338e/test.cpp[0m

['clang++', '-std=c++14', '-Werror', '-fcolor-diagnostics', '-DHAVE_STD_TO_STRING=1', '-DHAVE_PTHREAD=1', '-DHAVE_RT=1', '-DHAVE_GETPASS=1', '-DHAVE_NETLINK=1', '-DHAVE_NETLINK_EXT_ACK=1', '-DHAVE_IFA_FLAGS=1', '-DHAVE_SQLITE3=1', '-DHAVE_OPENSSL=1', '../test.cpp', '-c', '-o/home/pi/L3NDNClinic/Bryan/ndn-cxx/build/.conf_check_2cb7c043ab21f69bc54aee705416338e/testbuild/test.cpp.1.o']
[2/2] Linking [33mbuild/.conf_check_2cb7c043ab21f69bc54aee705416338e/testbuild/testprog[0m

['clang++', '-fuse-ld=gold', 'test.cpp.1.o', '-o/home/pi/L3NDNClinic/Bryan/ndn-cxx/build/.conf_check_2cb7c043ab21f69bc54aee705416338e/testbuild/testprog', '-Wl,-Bstatic', '-Wl,-Bdynamic']
==>

int main(int argc, char **argv) {
	(void)argc; (void)argv;
	return 0;
}

<==
[1/2] Compiling [32mbuild/.conf_check_a65531723b938082f69d86df62e3a497/test.cpp[0m

['clang++', '-std=c++14', '-Werror', '-Wextra-semi', '-DHAVE_STD_TO_STRING=1', '-DHAVE_PTHREAD=1', '-DHAVE_RT=1', '-DHAVE_GETPASS=1', '-DHAVE_NETLINK=1', '-DHAVE_NETLINK_EXT_ACK=1', '-DHAVE_IFA_FLAGS=1', '-DHAVE_SQLITE3=1', '-DHAVE_OPENSSL=1', '../test.cpp', '-c', '-o/home/pi/L3NDNClinic/Bryan/ndn-cxx/build/.conf_check_a65531723b938082f69d86df62e3a497/testbuild/test.cpp.1.o']
[2/2] Linking [33mbuild/.conf_check_a65531723b938082f69d86df62e3a497/testbuild/testprog[0m

['clang++', '-fuse-ld=gold', 'test.cpp.1.o', '-o/home/pi/L3NDNClinic/Bryan/ndn-cxx/build/.conf_check_a65531723b938082f69d86df62e3a497/testbuild/testprog', '-Wl,-Bstatic', '-Wl,-Bdynamic']
==>

int main(int argc, char **argv) {
	(void)argc; (void)argv;
	return 0;
}

<==
[1/2] Compiling [32mbuild/.conf_check_baba4273fa006b1dcbe3dbb06000d9c6/test.cpp[0m

['clang++', '-std=c++14', '-Werror', '-Wundefined-func-template', '-DHAVE_STD_TO_STRING=1', '-DHAVE_PTHREAD=1', '-DHAVE_RT=1', '-DHAVE_GETPASS=1', '-DHAVE_NETLINK=1', '-DHAVE_NETLINK_EXT_ACK=1', '-DHAVE_IFA_FLAGS=1', '-DHAVE_SQLITE3=1', '-DHAVE_OPENSSL=1', '../test.cpp', '-c', '-o/home/pi/L3NDNClinic/Bryan/ndn-cxx/build/.conf_check_baba4273fa006b1dcbe3dbb06000d9c6/testbuild/test.cpp.1.o']
[2/2] Linking [33mbuild/.conf_check_baba4273fa006b1dcbe3dbb06000d9c6/testbuild/testprog[0m

['clang++', '-fuse-ld=gold', 'test.cpp.1.o', '-o/home/pi/L3NDNClinic/Bryan/ndn-cxx/build/.conf_check_baba4273fa006b1dcbe3dbb06000d9c6/testbuild/testprog', '-Wl,-Bstatic', '-Wl,-Bdynamic']
==>

int main(int argc, char **argv) {
	(void)argc; (void)argv;
	return 0;
}

<==
[1/2] Compiling [32mbuild/.conf_check_9a28d635b74ffbb2e04b79a848318568/test.cpp[0m

['clang++', '-std=c++14', '-Werror', '-Wno-unused-local-typedef', '-DHAVE_STD_TO_STRING=1', '-DHAVE_PTHREAD=1', '-DHAVE_RT=1', '-DHAVE_GETPASS=1', '-DHAVE_NETLINK=1', '-DHAVE_NETLINK_EXT_ACK=1', '-DHAVE_IFA_FLAGS=1', '-DHAVE_SQLITE3=1', '-DHAVE_OPENSSL=1', '../test.cpp', '-c', '-o/home/pi/L3NDNClinic/Bryan/ndn-cxx/build/.conf_check_9a28d635b74ffbb2e04b79a848318568/testbuild/test.cpp.1.o']
[2/2] Linking [33mbuild/.conf_check_9a28d635b74ffbb2e04b79a848318568/testbuild/testprog[0m

['clang++', '-fuse-ld=gold', 'test.cpp.1.o', '-o/home/pi/L3NDNClinic/Bryan/ndn-cxx/build/.conf_check_9a28d635b74ffbb2e04b79a848318568/testbuild/testprog', '-Wl,-Bstatic', '-Wl,-Bdynamic']
-O2 -g -pedantic -Wall -Wextra -Wnon-virtual-dtor -Wno-unused-parameter -fcolor-diagnostics -Wextra-semi -Wundefined-func-template -Wno-unused-local-typedef
-----------------------------------------
Checking supported LINKFLAGS
==>

int main(int argc, char **argv) {
	(void)argc; (void)argv;
	return 0;
}

<==
[1/2] Compiling [32mbuild/.conf_check_de9a676b0a7821ee5c21ee21d85a67df/test.cpp[0m

['clang++', '-O2', '-g', '-pedantic', '-Wall', '-Wextra', '-Wnon-virtual-dtor', '-Wno-unused-parameter', '-fcolor-diagnostics', '-Wextra-semi', '-Wundefined-func-template', '-Wno-unused-local-typedef', '-std=c++14', '-DHAVE_STD_TO_STRING=1', '-DHAVE_PTHREAD=1', '-DHAVE_RT=1', '-DHAVE_GETPASS=1', '-DHAVE_NETLINK=1', '-DHAVE_NETLINK_EXT_ACK=1', '-DHAVE_IFA_FLAGS=1', '-DHAVE_SQLITE3=1', '-DHAVE_OPENSSL=1', '../test.cpp', '-c', '-o/home/pi/L3NDNClinic/Bryan/ndn-cxx/build/.conf_check_de9a676b0a7821ee5c21ee21d85a67df/testbuild/test.cpp.1.o']
[2/2] Linking [33mbuild/.conf_check_de9a676b0a7821ee5c21ee21d85a67df/testbuild/testprog[0m

['clang++', '-fuse-ld=gold', '-Werror', '-Wl,-O1', 'test.cpp.1.o', '-o/home/pi/L3NDNClinic/Bryan/ndn-cxx/build/.conf_check_de9a676b0a7821ee5c21ee21d85a67df/testbuild/testprog', '-Wl,-Bstatic', '-Wl,-Bdynamic']
-Wl,-O1
